[2.324s] Invoking command in '/home/robot/repo/src/build/basic134': PYTHONPATH=/home/robot/repo/src/build/basic134/prefix_override:/home/robot/repo/src/install/basic134/lib/python3.10/site-packages:${PYTHONPATH} /usr/bin/python3 setup.py develop --editable --build-directory /home/robot/repo/src/build/basic134/build --no-deps install_data
[2.843s] running develop
[2.844s] /usr/lib/python3/dist-packages/setuptools/command/easy_install.py:158: EasyInstallDeprecationWarning: easy_install command is deprecated. Use build and pip and other standards-based tools.
[2.844s]   warnings.warn(
[2.846s] /usr/lib/python3/dist-packages/setuptools/command/install.py:34: SetuptoolsDeprecationWarning: setup.py install is deprecated. Use build and pip and other standards-based tools.
[2.846s]   warnings.warn(
[3.240s] running egg_info
[3.240s] creating basic134.egg-info
[3.240s] writing basic134.egg-info/PKG-INFO
[3.240s] writing dependency_links to basic134.egg-info/dependency_links.txt
[3.241s] writing entry points to basic134.egg-info/entry_points.txt
[3.241s] writing requirements to basic134.egg-info/requires.txt
[3.241s] writing top-level names to basic134.egg-info/top_level.txt
[3.241s] writing manifest file 'basic134.egg-info/SOURCES.txt'
[3.255s] reading manifest file 'basic134.egg-info/SOURCES.txt'
[3.256s] writing manifest file 'basic134.egg-info/SOURCES.txt'
[3.256s] running build_ext
[3.256s] Creating /home/robot/repo/src/install/basic134/lib/python3.10/site-packages/basic134.egg-link (link to .)
[3.256s] Installing demo134 script to /home/robot/repo/src/install/basic134/lib/basic134
[3.256s] Installing goals3 script to /home/robot/repo/src/install/basic134/lib/basic134
[3.256s] Installing gravitycomp script to /home/robot/repo/src/install/basic134/lib/basic134
[3.256s] Installing receivepoint script to /home/robot/repo/src/install/basic134/lib/basic134
[3.256s] 
[3.257s] Installed /home/robot/repo/src/build/basic134
[3.257s] running install_data
[3.257s] creating /home/robot/repo/src/install/basic134/share/ament_index
[3.257s] creating /home/robot/repo/src/install/basic134/share/ament_index/resource_index
[3.258s] creating /home/robot/repo/src/install/basic134/share/ament_index/resource_index/packages
[3.258s] copying resource/basic134 -> /home/robot/repo/src/install/basic134/share/ament_index/resource_index/packages
[3.258s] copying package.xml -> /home/robot/repo/src/install/basic134/share/basic134
[3.258s] creating /home/robot/repo/src/install/basic134/share/basic134/launch
[3.258s] copying launch/goals3.launch.py -> /home/robot/repo/src/install/basic134/share/basic134/launch
[3.258s] copying launch/viewactual.launch.py -> /home/robot/repo/src/install/basic134/share/basic134/launch
[3.259s] copying launch/viewcommand.launch.py -> /home/robot/repo/src/install/basic134/share/basic134/launch
[3.259s] copying launch/example.launch.py -> /home/robot/repo/src/install/basic134/share/basic134/launch
[3.259s] copying launch/showurdf.launch.py -> /home/robot/repo/src/install/basic134/share/basic134/launch
[3.259s] copying launch/gravitycomp.launch.py -> /home/robot/repo/src/install/basic134/share/basic134/launch
[3.259s] creating /home/robot/repo/src/install/basic134/share/basic134/rviz
[3.259s] copying rviz/viewurdf.rviz -> /home/robot/repo/src/install/basic134/share/basic134/rviz
[3.259s] creating /home/robot/repo/src/install/basic134/share/basic134/meshes
[3.259s] copying meshes/basiclink.dae -> /home/robot/repo/src/install/basic134/share/basic134/meshes
[3.260s] copying meshes/X8.stl -> /home/robot/repo/src/install/basic134/share/basic134/meshes
[3.281s] copying meshes/basiclink.stl -> /home/robot/repo/src/install/basic134/share/basic134/meshes
[3.281s] copying meshes/X5.stl -> /home/robot/repo/src/install/basic134/share/basic134/meshes
[3.282s] creating /home/robot/repo/src/install/basic134/share/basic134/urdf
[3.282s] copying urdf/134threedof.urdf -> /home/robot/repo/src/install/basic134/share/basic134/urdf
[3.282s] copying urdf/threedofexample.urdf -> /home/robot/repo/src/install/basic134/share/basic134/urdf
[3.606s] Invoked command in '/home/robot/repo/src/build/basic134' returned '0': PYTHONPATH=/home/robot/repo/src/build/basic134/prefix_override:/home/robot/repo/src/install/basic134/lib/python3.10/site-packages:${PYTHONPATH} /usr/bin/python3 setup.py develop --editable --build-directory /home/robot/repo/src/build/basic134/build --no-deps install_data
