[1.212s] DEBUG:colcon:Command line arguments: ['/usr/bin/colcon', 'build', '--symlink-install']
[1.212s] DEBUG:colcon:Parsed command line arguments: Namespace(log_base=None, log_level=None, verb_name='build', build_base='build', install_base='install', merge_install=False, symlink_install=True, test_result_base=None, continue_on_error=False, executor='parallel', parallel_workers=4, event_handlers=None, ignore_user_meta=False, metas=['./colcon.meta'], base_paths=['.'], packages_ignore=None, packages_ignore_regex=None, paths=None, packages_up_to=None, packages_up_to_regex=None, packages_above=None, packages_above_and_dependencies=None, packages_above_depth=None, packages_select_by_dep=None, packages_skip_by_dep=None, packages_skip_up_to=None, packages_select_build_failed=False, packages_skip_build_finished=False, packages_select_test_failures=False, packages_skip_test_passed=False, packages_select=None, packages_skip=None, packages_select_regex=None, packages_skip_regex=None, packages_start=None, packages_end=None, allow_overriding=[], cmake_args=None, cmake_target=None, cmake_target_skip_unavailable=False, cmake_clean_cache=False, cmake_clean_first=False, cmake_force_configure=False, ament_cmake_args=None, catkin_cmake_args=None, catkin_skip_building_tests=False, verb_parser=<colcon_defaults.argument_parser.defaults.DefaultArgumentsDecorator object at 0x7f024c2bbb20>, verb_extension=<colcon_core.verb.build.BuildVerb object at 0x7f024d123e50>, main=<bound method BuildVerb.main of <colcon_core.verb.build.BuildVerb object at 0x7f024d123e50>>)
[1.265s] Level 1:colcon.colcon_core.package_discovery:discover_packages(colcon_meta) check parameters
[1.265s] Level 1:colcon.colcon_core.package_discovery:discover_packages(recursive) check parameters
[1.265s] Level 1:colcon.colcon_core.package_discovery:discover_packages(ignore) check parameters
[1.265s] Level 1:colcon.colcon_core.package_discovery:discover_packages(path) check parameters
[1.265s] Level 1:colcon.colcon_core.package_discovery:discover_packages(colcon_meta) discover
[1.265s] Level 1:colcon.colcon_core.package_discovery:discover_packages(recursive) discover
[1.265s] INFO:colcon.colcon_core.package_discovery:Crawling recursively for packages in '/home/robot/repo/src'
[1.265s] Level 1:colcon.colcon_core.package_identification:_identify(.) by extensions ['ignore', 'ignore_ament_install']
[1.265s] Level 1:colcon.colcon_core.package_identification:_identify(.) by extension 'ignore'
[1.265s] Level 1:colcon.colcon_core.package_identification:_identify(.) by extension 'ignore_ament_install'
[1.265s] Level 1:colcon.colcon_core.package_identification:_identify(.) by extensions ['colcon_pkg']
[1.265s] Level 1:colcon.colcon_core.package_identification:_identify(.) by extension 'colcon_pkg'
[1.265s] Level 1:colcon.colcon_core.package_identification:_identify(.) by extensions ['colcon_meta']
[1.266s] Level 1:colcon.colcon_core.package_identification:_identify(.) by extension 'colcon_meta'
[1.266s] Level 1:colcon.colcon_core.package_identification:_identify(.) by extensions ['ros']
[1.266s] Level 1:colcon.colcon_core.package_identification:_identify(.) by extension 'ros'
[1.276s] Level 1:colcon.colcon_core.package_identification:_identify(.) by extensions ['cmake', 'python']
[1.276s] Level 1:colcon.colcon_core.package_identification:_identify(.) by extension 'cmake'
[1.276s] Level 1:colcon.colcon_core.package_identification:_identify(.) by extension 'python'
[1.276s] Level 1:colcon.colcon_core.package_identification:_identify(.) by extensions ['python_setup_py']
[1.276s] Level 1:colcon.colcon_core.package_identification:_identify(.) by extension 'python_setup_py'
[1.276s] Level 1:colcon.colcon_core.package_identification:_identify(basic134) by extensions ['ignore', 'ignore_ament_install']
[1.276s] Level 1:colcon.colcon_core.package_identification:_identify(basic134) by extension 'ignore'
[1.276s] Level 1:colcon.colcon_core.package_identification:_identify(basic134) by extension 'ignore_ament_install'
[1.277s] Level 1:colcon.colcon_core.package_identification:_identify(basic134) by extensions ['colcon_pkg']
[1.277s] Level 1:colcon.colcon_core.package_identification:_identify(basic134) by extension 'colcon_pkg'
[1.277s] Level 1:colcon.colcon_core.package_identification:_identify(basic134) by extensions ['colcon_meta']
[1.277s] Level 1:colcon.colcon_core.package_identification:_identify(basic134) by extension 'colcon_meta'
[1.277s] Level 1:colcon.colcon_core.package_identification:_identify(basic134) by extensions ['ros']
[1.277s] Level 1:colcon.colcon_core.package_identification:_identify(basic134) by extension 'ros'
[1.279s] DEBUG:colcon.colcon_core.package_identification:Package 'basic134' with type 'ros.ament_python' and name 'basic134'
[1.279s] Level 1:colcon.colcon_core.package_identification:_identify(build) by extensions ['ignore', 'ignore_ament_install']
[1.279s] Level 1:colcon.colcon_core.package_identification:_identify(build) by extension 'ignore'
[1.279s] Level 1:colcon.colcon_core.package_identification:_identify(build) ignored
[1.279s] Level 1:colcon.colcon_core.package_identification:_identify(demo134) by extensions ['ignore', 'ignore_ament_install']
[1.279s] Level 1:colcon.colcon_core.package_identification:_identify(demo134) by extension 'ignore'
[1.279s] Level 1:colcon.colcon_core.package_identification:_identify(demo134) by extension 'ignore_ament_install'
[1.280s] Level 1:colcon.colcon_core.package_identification:_identify(demo134) by extensions ['colcon_pkg']
[1.280s] Level 1:colcon.colcon_core.package_identification:_identify(demo134) by extension 'colcon_pkg'
[1.280s] Level 1:colcon.colcon_core.package_identification:_identify(demo134) by extensions ['colcon_meta']
[1.280s] Level 1:colcon.colcon_core.package_identification:_identify(demo134) by extension 'colcon_meta'
[1.280s] Level 1:colcon.colcon_core.package_identification:_identify(demo134) by extensions ['ros']
[1.280s] Level 1:colcon.colcon_core.package_identification:_identify(demo134) by extension 'ros'
[1.280s] DEBUG:colcon.colcon_core.package_identification:Package 'demo134' with type 'ros.ament_python' and name 'demo134'
[1.280s] Level 1:colcon.colcon_core.package_identification:_identify(detectors) by extensions ['ignore', 'ignore_ament_install']
[1.280s] Level 1:colcon.colcon_core.package_identification:_identify(detectors) by extension 'ignore'
[1.280s] Level 1:colcon.colcon_core.package_identification:_identify(detectors) by extension 'ignore_ament_install'
[1.281s] Level 1:colcon.colcon_core.package_identification:_identify(detectors) by extensions ['colcon_pkg']
[1.281s] Level 1:colcon.colcon_core.package_identification:_identify(detectors) by extension 'colcon_pkg'
[1.281s] Level 1:colcon.colcon_core.package_identification:_identify(detectors) by extensions ['colcon_meta']
[1.281s] Level 1:colcon.colcon_core.package_identification:_identify(detectors) by extension 'colcon_meta'
[1.281s] Level 1:colcon.colcon_core.package_identification:_identify(detectors) by extensions ['ros']
[1.281s] Level 1:colcon.colcon_core.package_identification:_identify(detectors) by extension 'ros'
[1.281s] DEBUG:colcon.colcon_core.package_identification:Package 'detectors' with type 'ros.ament_python' and name 'detectors'
[1.282s] Level 1:colcon.colcon_core.package_identification:_identify(hebiros) by extensions ['ignore', 'ignore_ament_install']
[1.282s] Level 1:colcon.colcon_core.package_identification:_identify(hebiros) by extension 'ignore'
[1.282s] Level 1:colcon.colcon_core.package_identification:_identify(hebiros) by extension 'ignore_ament_install'
[1.282s] Level 1:colcon.colcon_core.package_identification:_identify(hebiros) by extensions ['colcon_pkg']
[1.282s] Level 1:colcon.colcon_core.package_identification:_identify(hebiros) by extension 'colcon_pkg'
[1.282s] Level 1:colcon.colcon_core.package_identification:_identify(hebiros) by extensions ['colcon_meta']
[1.282s] Level 1:colcon.colcon_core.package_identification:_identify(hebiros) by extension 'colcon_meta'
[1.282s] Level 1:colcon.colcon_core.package_identification:_identify(hebiros) by extensions ['ros']
[1.282s] Level 1:colcon.colcon_core.package_identification:_identify(hebiros) by extension 'ros'
[1.282s] DEBUG:colcon.colcon_core.package_identification:Package 'hebiros' with type 'ros.ament_python' and name 'hebiros'
[1.282s] Level 1:colcon.colcon_core.package_identification:_identify(install) by extensions ['ignore', 'ignore_ament_install']
[1.283s] Level 1:colcon.colcon_core.package_identification:_identify(install) by extension 'ignore'
[1.283s] Level 1:colcon.colcon_core.package_identification:_identify(install) ignored
[1.283s] Level 1:colcon.colcon_core.package_identification:_identify(log) by extensions ['ignore', 'ignore_ament_install']
[1.283s] Level 1:colcon.colcon_core.package_identification:_identify(log) by extension 'ignore'
[1.283s] Level 1:colcon.colcon_core.package_identification:_identify(log) ignored
[1.283s] Level 1:colcon.colcon_core.package_identification:_identify(sixdof) by extensions ['ignore', 'ignore_ament_install']
[1.283s] Level 1:colcon.colcon_core.package_identification:_identify(sixdof) by extension 'ignore'
[1.283s] Level 1:colcon.colcon_core.package_identification:_identify(sixdof) by extension 'ignore_ament_install'
[1.283s] Level 1:colcon.colcon_core.package_identification:_identify(sixdof) by extensions ['colcon_pkg']
[1.283s] Level 1:colcon.colcon_core.package_identification:_identify(sixdof) by extension 'colcon_pkg'
[1.283s] Level 1:colcon.colcon_core.package_identification:_identify(sixdof) by extensions ['colcon_meta']
[1.283s] Level 1:colcon.colcon_core.package_identification:_identify(sixdof) by extension 'colcon_meta'
[1.283s] Level 1:colcon.colcon_core.package_identification:_identify(sixdof) by extensions ['ros']
[1.283s] Level 1:colcon.colcon_core.package_identification:_identify(sixdof) by extension 'ros'
[1.284s] DEBUG:colcon.colcon_core.package_identification:Package 'sixdof' with type 'ros.ament_python' and name 'sixdof'
[1.284s] Level 1:colcon.colcon_core.package_identification:_identify(tempdata) by extensions ['ignore', 'ignore_ament_install']
[1.284s] Level 1:colcon.colcon_core.package_identification:_identify(tempdata) by extension 'ignore'
[1.284s] Level 1:colcon.colcon_core.package_identification:_identify(tempdata) by extension 'ignore_ament_install'
[1.284s] Level 1:colcon.colcon_core.package_identification:_identify(tempdata) by extensions ['colcon_pkg']
[1.284s] Level 1:colcon.colcon_core.package_identification:_identify(tempdata) by extension 'colcon_pkg'
[1.284s] Level 1:colcon.colcon_core.package_identification:_identify(tempdata) by extensions ['colcon_meta']
[1.284s] Level 1:colcon.colcon_core.package_identification:_identify(tempdata) by extension 'colcon_meta'
[1.284s] Level 1:colcon.colcon_core.package_identification:_identify(tempdata) by extensions ['ros']
[1.284s] Level 1:colcon.colcon_core.package_identification:_identify(tempdata) by extension 'ros'
[1.284s] Level 1:colcon.colcon_core.package_identification:_identify(tempdata) by extensions ['cmake', 'python']
[1.284s] Level 1:colcon.colcon_core.package_identification:_identify(tempdata) by extension 'cmake'
[1.284s] Level 1:colcon.colcon_core.package_identification:_identify(tempdata) by extension 'python'
[1.284s] Level 1:colcon.colcon_core.package_identification:_identify(tempdata) by extensions ['python_setup_py']
[1.284s] Level 1:colcon.colcon_core.package_identification:_identify(tempdata) by extension 'python_setup_py'
[1.285s] Level 1:colcon.colcon_core.package_identification:_identify(tempdata/collision) by extensions ['ignore', 'ignore_ament_install']
[1.285s] Level 1:colcon.colcon_core.package_identification:_identify(tempdata/collision) by extension 'ignore'
[1.285s] Level 1:colcon.colcon_core.package_identification:_identify(tempdata/collision) by extension 'ignore_ament_install'
[1.285s] Level 1:colcon.colcon_core.package_identification:_identify(tempdata/collision) by extensions ['colcon_pkg']
[1.285s] Level 1:colcon.colcon_core.package_identification:_identify(tempdata/collision) by extension 'colcon_pkg'
[1.285s] Level 1:colcon.colcon_core.package_identification:_identify(tempdata/collision) by extensions ['colcon_meta']
[1.285s] Level 1:colcon.colcon_core.package_identification:_identify(tempdata/collision) by extension 'colcon_meta'
[1.285s] Level 1:colcon.colcon_core.package_identification:_identify(tempdata/collision) by extensions ['ros']
[1.285s] Level 1:colcon.colcon_core.package_identification:_identify(tempdata/collision) by extension 'ros'
[1.285s] Level 1:colcon.colcon_core.package_identification:_identify(tempdata/collision) by extensions ['cmake', 'python']
[1.285s] Level 1:colcon.colcon_core.package_identification:_identify(tempdata/collision) by extension 'cmake'
[1.285s] Level 1:colcon.colcon_core.package_identification:_identify(tempdata/collision) by extension 'python'
[1.285s] Level 1:colcon.colcon_core.package_identification:_identify(tempdata/collision) by extensions ['python_setup_py']
[1.285s] Level 1:colcon.colcon_core.package_identification:_identify(tempdata/collision) by extension 'python_setup_py'
[1.285s] Level 1:colcon.colcon_core.package_identification:_identify(tempdata/no_gravity) by extensions ['ignore', 'ignore_ament_install']
[1.285s] Level 1:colcon.colcon_core.package_identification:_identify(tempdata/no_gravity) by extension 'ignore'
[1.285s] Level 1:colcon.colcon_core.package_identification:_identify(tempdata/no_gravity) by extension 'ignore_ament_install'
[1.285s] Level 1:colcon.colcon_core.package_identification:_identify(tempdata/no_gravity) by extensions ['colcon_pkg']
[1.285s] Level 1:colcon.colcon_core.package_identification:_identify(tempdata/no_gravity) by extension 'colcon_pkg'
[1.285s] Level 1:colcon.colcon_core.package_identification:_identify(tempdata/no_gravity) by extensions ['colcon_meta']
[1.285s] Level 1:colcon.colcon_core.package_identification:_identify(tempdata/no_gravity) by extension 'colcon_meta'
[1.285s] Level 1:colcon.colcon_core.package_identification:_identify(tempdata/no_gravity) by extensions ['ros']
[1.285s] Level 1:colcon.colcon_core.package_identification:_identify(tempdata/no_gravity) by extension 'ros'
[1.286s] Level 1:colcon.colcon_core.package_identification:_identify(tempdata/no_gravity) by extensions ['cmake', 'python']
[1.286s] Level 1:colcon.colcon_core.package_identification:_identify(tempdata/no_gravity) by extension 'cmake'
[1.286s] Level 1:colcon.colcon_core.package_identification:_identify(tempdata/no_gravity) by extension 'python'
[1.286s] Level 1:colcon.colcon_core.package_identification:_identify(tempdata/no_gravity) by extensions ['python_setup_py']
[1.286s] Level 1:colcon.colcon_core.package_identification:_identify(tempdata/no_gravity) by extension 'python_setup_py'
[1.286s] Level 1:colcon.colcon_core.package_identification:_identify(tempdata/rosbag2_2024_01_18-10_43_58) by extensions ['ignore', 'ignore_ament_install']
[1.286s] Level 1:colcon.colcon_core.package_identification:_identify(tempdata/rosbag2_2024_01_18-10_43_58) by extension 'ignore'
[1.286s] Level 1:colcon.colcon_core.package_identification:_identify(tempdata/rosbag2_2024_01_18-10_43_58) by extension 'ignore_ament_install'
[1.286s] Level 1:colcon.colcon_core.package_identification:_identify(tempdata/rosbag2_2024_01_18-10_43_58) by extensions ['colcon_pkg']
[1.286s] Level 1:colcon.colcon_core.package_identification:_identify(tempdata/rosbag2_2024_01_18-10_43_58) by extension 'colcon_pkg'
[1.286s] Level 1:colcon.colcon_core.package_identification:_identify(tempdata/rosbag2_2024_01_18-10_43_58) by extensions ['colcon_meta']
[1.286s] Level 1:colcon.colcon_core.package_identification:_identify(tempdata/rosbag2_2024_01_18-10_43_58) by extension 'colcon_meta'
[1.286s] Level 1:colcon.colcon_core.package_identification:_identify(tempdata/rosbag2_2024_01_18-10_43_58) by extensions ['ros']
[1.286s] Level 1:colcon.colcon_core.package_identification:_identify(tempdata/rosbag2_2024_01_18-10_43_58) by extension 'ros'
[1.286s] Level 1:colcon.colcon_core.package_identification:_identify(tempdata/rosbag2_2024_01_18-10_43_58) by extensions ['cmake', 'python']
[1.286s] Level 1:colcon.colcon_core.package_identification:_identify(tempdata/rosbag2_2024_01_18-10_43_58) by extension 'cmake'
[1.286s] Level 1:colcon.colcon_core.package_identification:_identify(tempdata/rosbag2_2024_01_18-10_43_58) by extension 'python'
[1.286s] Level 1:colcon.colcon_core.package_identification:_identify(tempdata/rosbag2_2024_01_18-10_43_58) by extensions ['python_setup_py']
[1.286s] Level 1:colcon.colcon_core.package_identification:_identify(tempdata/rosbag2_2024_01_18-10_43_58) by extension 'python_setup_py'
[1.286s] Level 1:colcon.colcon_core.package_identification:_identify(tempdata/smooth) by extensions ['ignore', 'ignore_ament_install']
[1.286s] Level 1:colcon.colcon_core.package_identification:_identify(tempdata/smooth) by extension 'ignore'
[1.286s] Level 1:colcon.colcon_core.package_identification:_identify(tempdata/smooth) by extension 'ignore_ament_install'
[1.286s] Level 1:colcon.colcon_core.package_identification:_identify(tempdata/smooth) by extensions ['colcon_pkg']
[1.287s] Level 1:colcon.colcon_core.package_identification:_identify(tempdata/smooth) by extension 'colcon_pkg'
[1.287s] Level 1:colcon.colcon_core.package_identification:_identify(tempdata/smooth) by extensions ['colcon_meta']
[1.287s] Level 1:colcon.colcon_core.package_identification:_identify(tempdata/smooth) by extension 'colcon_meta'
[1.287s] Level 1:colcon.colcon_core.package_identification:_identify(tempdata/smooth) by extensions ['ros']
[1.287s] Level 1:colcon.colcon_core.package_identification:_identify(tempdata/smooth) by extension 'ros'
[1.287s] Level 1:colcon.colcon_core.package_identification:_identify(tempdata/smooth) by extensions ['cmake', 'python']
[1.287s] Level 1:colcon.colcon_core.package_identification:_identify(tempdata/smooth) by extension 'cmake'
[1.287s] Level 1:colcon.colcon_core.package_identification:_identify(tempdata/smooth) by extension 'python'
[1.287s] Level 1:colcon.colcon_core.package_identification:_identify(tempdata/smooth) by extensions ['python_setup_py']
[1.287s] Level 1:colcon.colcon_core.package_identification:_identify(tempdata/smooth) by extension 'python_setup_py'
[1.287s] Level 1:colcon.colcon_core.package_identification:_identify(threedof) by extensions ['ignore', 'ignore_ament_install']
[1.287s] Level 1:colcon.colcon_core.package_identification:_identify(threedof) by extension 'ignore'
[1.287s] Level 1:colcon.colcon_core.package_identification:_identify(threedof) by extension 'ignore_ament_install'
[1.287s] Level 1:colcon.colcon_core.package_identification:_identify(threedof) by extensions ['colcon_pkg']
[1.287s] Level 1:colcon.colcon_core.package_identification:_identify(threedof) by extension 'colcon_pkg'
[1.287s] Level 1:colcon.colcon_core.package_identification:_identify(threedof) by extensions ['colcon_meta']
[1.287s] Level 1:colcon.colcon_core.package_identification:_identify(threedof) by extension 'colcon_meta'
[1.287s] Level 1:colcon.colcon_core.package_identification:_identify(threedof) by extensions ['ros']
[1.287s] Level 1:colcon.colcon_core.package_identification:_identify(threedof) by extension 'ros'
[1.288s] DEBUG:colcon.colcon_core.package_identification:Package 'threedof' with type 'ros.ament_python' and name 'threedof'
[1.288s] Level 1:colcon.colcon_core.package_identification:_identify(usb_cam) by extensions ['ignore', 'ignore_ament_install']
[1.288s] Level 1:colcon.colcon_core.package_identification:_identify(usb_cam) by extension 'ignore'
[1.288s] Level 1:colcon.colcon_core.package_identification:_identify(usb_cam) by extension 'ignore_ament_install'
[1.288s] Level 1:colcon.colcon_core.package_identification:_identify(usb_cam) by extensions ['colcon_pkg']
[1.288s] Level 1:colcon.colcon_core.package_identification:_identify(usb_cam) by extension 'colcon_pkg'
[1.288s] Level 1:colcon.colcon_core.package_identification:_identify(usb_cam) by extensions ['colcon_meta']
[1.288s] Level 1:colcon.colcon_core.package_identification:_identify(usb_cam) by extension 'colcon_meta'
[1.288s] Level 1:colcon.colcon_core.package_identification:_identify(usb_cam) by extensions ['ros']
[1.288s] Level 1:colcon.colcon_core.package_identification:_identify(usb_cam) by extension 'ros'
[1.295s] DEBUG:colcon.colcon_core.package_identification:Package 'usb_cam' with type 'ros.ament_cmake' and name 'usb_cam'
[1.295s] Level 1:colcon.colcon_core.package_discovery:discover_packages(recursive) using defaults
[1.295s] Level 1:colcon.colcon_core.package_discovery:discover_packages(ignore) discover
[1.295s] Level 1:colcon.colcon_core.package_discovery:discover_packages(ignore) using defaults
[1.295s] Level 1:colcon.colcon_core.package_discovery:discover_packages(path) discover
[1.295s] Level 1:colcon.colcon_core.package_discovery:discover_packages(path) using defaults
[1.413s] Level 1:colcon.colcon_core.package_discovery:discover_packages(prefix_path) check parameters
[1.413s] Level 1:colcon.colcon_core.package_discovery:discover_packages(prefix_path) discover
[1.451s] DEBUG:colcon.colcon_installed_package_information.package_discovery:Found 7 installed packages in /home/robot/robotws/install
[1.470s] DEBUG:colcon.colcon_installed_package_information.package_discovery:Found 417 installed packages in /opt/ros/humble
[1.472s] Level 1:colcon.colcon_core.package_discovery:discover_packages(prefix_path) using defaults
[1.581s] Level 5:colcon.colcon_core.verb:set package 'basic134' build argument 'cmake_args' from command line to 'None'
[1.581s] Level 5:colcon.colcon_core.verb:set package 'basic134' build argument 'cmake_target' from command line to 'None'
[1.581s] Level 5:colcon.colcon_core.verb:set package 'basic134' build argument 'cmake_target_skip_unavailable' from command line to 'False'
[1.581s] Level 5:colcon.colcon_core.verb:set package 'basic134' build argument 'cmake_clean_cache' from command line to 'False'
[1.581s] Level 5:colcon.colcon_core.verb:set package 'basic134' build argument 'cmake_clean_first' from command line to 'False'
[1.581s] Level 5:colcon.colcon_core.verb:set package 'basic134' build argument 'cmake_force_configure' from command line to 'False'
[1.581s] Level 5:colcon.colcon_core.verb:set package 'basic134' build argument 'ament_cmake_args' from command line to 'None'
[1.581s] Level 5:colcon.colcon_core.verb:set package 'basic134' build argument 'catkin_cmake_args' from command line to 'None'
[1.581s] Level 5:colcon.colcon_core.verb:set package 'basic134' build argument 'catkin_skip_building_tests' from command line to 'False'
[1.581s] DEBUG:colcon.colcon_core.verb:Building package 'basic134' with the following arguments: {'ament_cmake_args': None, 'build_base': '/home/robot/repo/src/build/basic134', 'catkin_cmake_args': None, 'catkin_skip_building_tests': False, 'cmake_args': None, 'cmake_clean_cache': False, 'cmake_clean_first': False, 'cmake_force_configure': False, 'cmake_target': None, 'cmake_target_skip_unavailable': False, 'install_base': '/home/robot/repo/src/install/basic134', 'merge_install': False, 'path': '/home/robot/repo/src/basic134', 'symlink_install': True, 'test_result_base': None}
[1.599s] Level 5:colcon.colcon_core.verb:set package 'demo134' build argument 'cmake_args' from command line to 'None'
[1.599s] Level 5:colcon.colcon_core.verb:set package 'demo134' build argument 'cmake_target' from command line to 'None'
[1.599s] Level 5:colcon.colcon_core.verb:set package 'demo134' build argument 'cmake_target_skip_unavailable' from command line to 'False'
[1.599s] Level 5:colcon.colcon_core.verb:set package 'demo134' build argument 'cmake_clean_cache' from command line to 'False'
[1.599s] Level 5:colcon.colcon_core.verb:set package 'demo134' build argument 'cmake_clean_first' from command line to 'False'
[1.599s] Level 5:colcon.colcon_core.verb:set package 'demo134' build argument 'cmake_force_configure' from command line to 'False'
[1.599s] Level 5:colcon.colcon_core.verb:set package 'demo134' build argument 'ament_cmake_args' from command line to 'None'
[1.600s] Level 5:colcon.colcon_core.verb:set package 'demo134' build argument 'catkin_cmake_args' from command line to 'None'
[1.600s] Level 5:colcon.colcon_core.verb:set package 'demo134' build argument 'catkin_skip_building_tests' from command line to 'False'
[1.600s] DEBUG:colcon.colcon_core.verb:Building package 'demo134' with the following arguments: {'ament_cmake_args': None, 'build_base': '/home/robot/repo/src/build/demo134', 'catkin_cmake_args': None, 'catkin_skip_building_tests': False, 'cmake_args': None, 'cmake_clean_cache': False, 'cmake_clean_first': False, 'cmake_force_configure': False, 'cmake_target': None, 'cmake_target_skip_unavailable': False, 'install_base': '/home/robot/repo/src/install/demo134', 'merge_install': False, 'path': '/home/robot/repo/src/demo134', 'symlink_install': True, 'test_result_base': None}
[1.618s] Level 5:colcon.colcon_core.verb:set package 'hebiros' build argument 'cmake_args' from command line to 'None'
[1.618s] Level 5:colcon.colcon_core.verb:set package 'hebiros' build argument 'cmake_target' from command line to 'None'
[1.618s] Level 5:colcon.colcon_core.verb:set package 'hebiros' build argument 'cmake_target_skip_unavailable' from command line to 'False'
[1.618s] Level 5:colcon.colcon_core.verb:set package 'hebiros' build argument 'cmake_clean_cache' from command line to 'False'
[1.618s] Level 5:colcon.colcon_core.verb:set package 'hebiros' build argument 'cmake_clean_first' from command line to 'False'
[1.618s] Level 5:colcon.colcon_core.verb:set package 'hebiros' build argument 'cmake_force_configure' from command line to 'False'
[1.618s] Level 5:colcon.colcon_core.verb:set package 'hebiros' build argument 'ament_cmake_args' from command line to 'None'
[1.618s] Level 5:colcon.colcon_core.verb:set package 'hebiros' build argument 'catkin_cmake_args' from command line to 'None'
[1.618s] Level 5:colcon.colcon_core.verb:set package 'hebiros' build argument 'catkin_skip_building_tests' from command line to 'False'
[1.618s] DEBUG:colcon.colcon_core.verb:Building package 'hebiros' with the following arguments: {'ament_cmake_args': None, 'build_base': '/home/robot/repo/src/build/hebiros', 'catkin_cmake_args': None, 'catkin_skip_building_tests': False, 'cmake_args': None, 'cmake_clean_cache': False, 'cmake_clean_first': False, 'cmake_force_configure': False, 'cmake_target': None, 'cmake_target_skip_unavailable': False, 'install_base': '/home/robot/repo/src/install/hebiros', 'merge_install': False, 'path': '/home/robot/repo/src/hebiros', 'symlink_install': True, 'test_result_base': None}
[1.636s] Level 5:colcon.colcon_core.verb:set package 'sixdof' build argument 'cmake_args' from command line to 'None'
[1.636s] Level 5:colcon.colcon_core.verb:set package 'sixdof' build argument 'cmake_target' from command line to 'None'
[1.636s] Level 5:colcon.colcon_core.verb:set package 'sixdof' build argument 'cmake_target_skip_unavailable' from command line to 'False'
[1.636s] Level 5:colcon.colcon_core.verb:set package 'sixdof' build argument 'cmake_clean_cache' from command line to 'False'
[1.636s] Level 5:colcon.colcon_core.verb:set package 'sixdof' build argument 'cmake_clean_first' from command line to 'False'
[1.636s] Level 5:colcon.colcon_core.verb:set package 'sixdof' build argument 'cmake_force_configure' from command line to 'False'
[1.636s] Level 5:colcon.colcon_core.verb:set package 'sixdof' build argument 'ament_cmake_args' from command line to 'None'
[1.636s] Level 5:colcon.colcon_core.verb:set package 'sixdof' build argument 'catkin_cmake_args' from command line to 'None'
[1.636s] Level 5:colcon.colcon_core.verb:set package 'sixdof' build argument 'catkin_skip_building_tests' from command line to 'False'
[1.636s] DEBUG:colcon.colcon_core.verb:Building package 'sixdof' with the following arguments: {'ament_cmake_args': None, 'build_base': '/home/robot/repo/src/build/sixdof', 'catkin_cmake_args': None, 'catkin_skip_building_tests': False, 'cmake_args': None, 'cmake_clean_cache': False, 'cmake_clean_first': False, 'cmake_force_configure': False, 'cmake_target': None, 'cmake_target_skip_unavailable': False, 'install_base': '/home/robot/repo/src/install/sixdof', 'merge_install': False, 'path': '/home/robot/repo/src/sixdof', 'symlink_install': True, 'test_result_base': None}
[1.654s] Level 5:colcon.colcon_core.verb:set package 'threedof' build argument 'cmake_args' from command line to 'None'
[1.654s] Level 5:colcon.colcon_core.verb:set package 'threedof' build argument 'cmake_target' from command line to 'None'
[1.654s] Level 5:colcon.colcon_core.verb:set package 'threedof' build argument 'cmake_target_skip_unavailable' from command line to 'False'
[1.654s] Level 5:colcon.colcon_core.verb:set package 'threedof' build argument 'cmake_clean_cache' from command line to 'False'
[1.654s] Level 5:colcon.colcon_core.verb:set package 'threedof' build argument 'cmake_clean_first' from command line to 'False'
[1.654s] Level 5:colcon.colcon_core.verb:set package 'threedof' build argument 'cmake_force_configure' from command line to 'False'
[1.654s] Level 5:colcon.colcon_core.verb:set package 'threedof' build argument 'ament_cmake_args' from command line to 'None'
[1.655s] Level 5:colcon.colcon_core.verb:set package 'threedof' build argument 'catkin_cmake_args' from command line to 'None'
[1.655s] Level 5:colcon.colcon_core.verb:set package 'threedof' build argument 'catkin_skip_building_tests' from command line to 'False'
[1.655s] DEBUG:colcon.colcon_core.verb:Building package 'threedof' with the following arguments: {'ament_cmake_args': None, 'build_base': '/home/robot/repo/src/build/threedof', 'catkin_cmake_args': None, 'catkin_skip_building_tests': False, 'cmake_args': None, 'cmake_clean_cache': False, 'cmake_clean_first': False, 'cmake_force_configure': False, 'cmake_target': None, 'cmake_target_skip_unavailable': False, 'install_base': '/home/robot/repo/src/install/threedof', 'merge_install': False, 'path': '/home/robot/repo/src/threedof', 'symlink_install': True, 'test_result_base': None}
[1.673s] Level 5:colcon.colcon_core.verb:set package 'usb_cam' build argument 'cmake_args' from command line to 'None'
[1.673s] Level 5:colcon.colcon_core.verb:set package 'usb_cam' build argument 'cmake_target' from command line to 'None'
[1.673s] Level 5:colcon.colcon_core.verb:set package 'usb_cam' build argument 'cmake_target_skip_unavailable' from command line to 'False'
[1.673s] Level 5:colcon.colcon_core.verb:set package 'usb_cam' build argument 'cmake_clean_cache' from command line to 'False'
[1.673s] Level 5:colcon.colcon_core.verb:set package 'usb_cam' build argument 'cmake_clean_first' from command line to 'False'
[1.673s] Level 5:colcon.colcon_core.verb:set package 'usb_cam' build argument 'cmake_force_configure' from command line to 'False'
[1.673s] Level 5:colcon.colcon_core.verb:set package 'usb_cam' build argument 'ament_cmake_args' from command line to 'None'
[1.673s] Level 5:colcon.colcon_core.verb:set package 'usb_cam' build argument 'catkin_cmake_args' from command line to 'None'
[1.673s] Level 5:colcon.colcon_core.verb:set package 'usb_cam' build argument 'catkin_skip_building_tests' from command line to 'False'
[1.673s] DEBUG:colcon.colcon_core.verb:Building package 'usb_cam' with the following arguments: {'ament_cmake_args': None, 'build_base': '/home/robot/repo/src/build/usb_cam', 'catkin_cmake_args': None, 'catkin_skip_building_tests': False, 'cmake_args': None, 'cmake_clean_cache': False, 'cmake_clean_first': False, 'cmake_force_configure': False, 'cmake_target': None, 'cmake_target_skip_unavailable': False, 'install_base': '/home/robot/repo/src/install/usb_cam', 'merge_install': False, 'path': '/home/robot/repo/src/usb_cam', 'symlink_install': True, 'test_result_base': None}
[1.691s] Level 5:colcon.colcon_core.verb:set package 'detectors' build argument 'cmake_args' from command line to 'None'
[1.691s] Level 5:colcon.colcon_core.verb:set package 'detectors' build argument 'cmake_target' from command line to 'None'
[1.691s] Level 5:colcon.colcon_core.verb:set package 'detectors' build argument 'cmake_target_skip_unavailable' from command line to 'False'
[1.691s] Level 5:colcon.colcon_core.verb:set package 'detectors' build argument 'cmake_clean_cache' from command line to 'False'
[1.691s] Level 5:colcon.colcon_core.verb:set package 'detectors' build argument 'cmake_clean_first' from command line to 'False'
[1.691s] Level 5:colcon.colcon_core.verb:set package 'detectors' build argument 'cmake_force_configure' from command line to 'False'
[1.691s] Level 5:colcon.colcon_core.verb:set package 'detectors' build argument 'ament_cmake_args' from command line to 'None'
[1.691s] Level 5:colcon.colcon_core.verb:set package 'detectors' build argument 'catkin_cmake_args' from command line to 'None'
[1.691s] Level 5:colcon.colcon_core.verb:set package 'detectors' build argument 'catkin_skip_building_tests' from command line to 'False'
[1.691s] DEBUG:colcon.colcon_core.verb:Building package 'detectors' with the following arguments: {'ament_cmake_args': None, 'build_base': '/home/robot/repo/src/build/detectors', 'catkin_cmake_args': None, 'catkin_skip_building_tests': False, 'cmake_args': None, 'cmake_clean_cache': False, 'cmake_clean_first': False, 'cmake_force_configure': False, 'cmake_target': None, 'cmake_target_skip_unavailable': False, 'install_base': '/home/robot/repo/src/install/detectors', 'merge_install': False, 'path': '/home/robot/repo/src/detectors', 'symlink_install': True, 'test_result_base': None}
[1.709s] INFO:colcon.colcon_core.executor:Executing jobs using 'parallel' executor
[1.727s] DEBUG:colcon.colcon_parallel_executor.executor.parallel:run_until_complete
[1.728s] INFO:colcon.colcon_ros.task.ament_cmake.build:Building ROS package in '/home/robot/repo/src/usb_cam' with build type 'ament_cmake'
[1.728s] INFO:colcon.colcon_cmake.task.cmake.build:Building CMake package in '/home/robot/repo/src/usb_cam'
[1.753s] INFO:colcon.colcon_core.plugin_system:Skipping extension 'colcon_core.shell.bat': Not used on non-Windows systems
[1.753s] INFO:colcon.colcon_core.shell:Skip shell extension 'powershell' for command environment: Not usable outside of PowerShell
[1.753s] DEBUG:colcon.colcon_core.shell:Skip shell extension 'dsv' for command environment
[1.812s] INFO:colcon.colcon_ros.task.ament_python.build:Building ROS package in '/home/robot/repo/src/basic134' with build type 'ament_python'
[1.812s] Level 1:colcon.colcon_core.shell:create_environment_hook('basic134', 'ament_prefix_path')
[1.835s] INFO:colcon.colcon_core.shell:Creating environment hook '/home/robot/repo/src/install/basic134/share/basic134/hook/ament_prefix_path.ps1'
[1.836s] INFO:colcon.colcon_core.shell:Creating environment descriptor '/home/robot/repo/src/install/basic134/share/basic134/hook/ament_prefix_path.dsv'
[1.836s] INFO:colcon.colcon_core.shell:Creating environment hook '/home/robot/repo/src/install/basic134/share/basic134/hook/ament_prefix_path.sh'
[1.857s] INFO:colcon.colcon_core.shell:Skip shell extension 'powershell' for command environment: Not usable outside of PowerShell
[1.857s] DEBUG:colcon.colcon_core.shell:Skip shell extension 'dsv' for command environment
[1.915s] INFO:colcon.colcon_ros.task.ament_python.build:Building ROS package in '/home/robot/repo/src/demo134' with build type 'ament_python'
[1.915s] Level 1:colcon.colcon_core.shell:create_environment_hook('demo134', 'ament_prefix_path')
[1.934s] INFO:colcon.colcon_core.shell:Creating environment hook '/home/robot/repo/src/install/demo134/share/demo134/hook/ament_prefix_path.ps1'
[1.935s] INFO:colcon.colcon_core.shell:Creating environment descriptor '/home/robot/repo/src/install/demo134/share/demo134/hook/ament_prefix_path.dsv'
[1.935s] INFO:colcon.colcon_core.shell:Creating environment hook '/home/robot/repo/src/install/demo134/share/demo134/hook/ament_prefix_path.sh'
[1.958s] INFO:colcon.colcon_core.shell:Skip shell extension 'powershell' for command environment: Not usable outside of PowerShell
[1.958s] DEBUG:colcon.colcon_core.shell:Skip shell extension 'dsv' for command environment
[2.015s] INFO:colcon.colcon_ros.task.ament_python.build:Building ROS package in '/home/robot/repo/src/hebiros' with build type 'ament_python'
[2.016s] Level 1:colcon.colcon_core.shell:create_environment_hook('hebiros', 'ament_prefix_path')
[2.037s] INFO:colcon.colcon_core.shell:Creating environment hook '/home/robot/repo/src/install/hebiros/share/hebiros/hook/ament_prefix_path.ps1'
[2.038s] INFO:colcon.colcon_core.shell:Creating environment descriptor '/home/robot/repo/src/install/hebiros/share/hebiros/hook/ament_prefix_path.dsv'
[2.038s] INFO:colcon.colcon_core.shell:Creating environment hook '/home/robot/repo/src/install/hebiros/share/hebiros/hook/ament_prefix_path.sh'
[2.059s] INFO:colcon.colcon_core.shell:Skip shell extension 'powershell' for command environment: Not usable outside of PowerShell
[2.059s] DEBUG:colcon.colcon_core.shell:Skip shell extension 'dsv' for command environment
[2.119s] DEBUG:colcon.colcon_core.event_handler.log_command:Invoking command in '/home/robot/repo/src/build/usb_cam': CMAKE_PREFIX_PATH=${CMAKE_PREFIX_PATH}:/home/robot/robotws/install/detectors:/home/robot/robotws/install/threedof:/home/robot/robotws/install/sixdof:/home/robot/robotws/install/hebiros:/home/robot/robotws/install/demo134:/home/robot/robotws/install/basic134:/opt/ros/humble /usr/bin/cmake /home/robot/repo/src/usb_cam -DAMENT_CMAKE_SYMLINK_INSTALL=1 -DCMAKE_INSTALL_PREFIX=/home/robot/repo/src/install/usb_cam
[2.449s] INFO:colcon.colcon_core.task.python.build:Building Python package in '/home/robot/repo/src/basic134'
[2.472s] INFO:colcon.colcon_core.shell:Skip shell extension 'powershell' for command environment: Not usable outside of PowerShell
[2.472s] DEBUG:colcon.colcon_core.shell:Skip shell extension 'dsv' for command environment
[2.858s] INFO:colcon.colcon_core.task.python.build:Building Python package in '/home/robot/repo/src/demo134'
[2.879s] INFO:colcon.colcon_core.shell:Skip shell extension 'powershell' for command environment: Not usable outside of PowerShell
[2.879s] DEBUG:colcon.colcon_core.shell:Skip shell extension 'dsv' for command environment
[3.322s] INFO:colcon.colcon_core.task.python.build:Building Python package in '/home/robot/repo/src/hebiros'
[3.343s] INFO:colcon.colcon_core.shell:Skip shell extension 'powershell' for command environment: Not usable outside of PowerShell
[3.343s] DEBUG:colcon.colcon_core.shell:Skip shell extension 'dsv' for command environment
[4.126s] DEBUG:colcon.colcon_core.event_handler.log_command:Invoking command in '/home/robot/repo/src/build/hebiros': PYTHONPATH=/home/robot/repo/src/build/hebiros/prefix_override:/home/robot/repo/src/install/hebiros/lib/python3.10/site-packages:${PYTHONPATH} /usr/bin/python3 setup.py develop --editable --build-directory /home/robot/repo/src/build/hebiros/build --no-deps install_data
[4.128s] DEBUG:colcon.colcon_core.event_handler.log_command:Invoking command in '/home/robot/repo/src/build/demo134': PYTHONPATH=/home/robot/repo/src/build/demo134/prefix_override:/home/robot/repo/src/install/demo134/lib/python3.10/site-packages:${PYTHONPATH} /usr/bin/python3 setup.py develop --editable --build-directory /home/robot/repo/src/build/demo134/build --no-deps install_data
[4.136s] DEBUG:colcon.colcon_core.event_handler.log_command:Invoking command in '/home/robot/repo/src/build/basic134': PYTHONPATH=/home/robot/repo/src/build/basic134/prefix_override:/home/robot/repo/src/install/basic134/lib/python3.10/site-packages:${PYTHONPATH} /usr/bin/python3 setup.py develop --editable --build-directory /home/robot/repo/src/build/basic134/build --no-deps install_data
[5.056s] Level 1:colcon.colcon_core.shell:create_environment_hook('demo134', 'pythonpath_develop')
[5.067s] DEBUG:colcon.colcon_core.event_handler.log_command:Invoked command in '/home/robot/repo/src/build/demo134' returned '0': PYTHONPATH=/home/robot/repo/src/build/demo134/prefix_override:/home/robot/repo/src/install/demo134/lib/python3.10/site-packages:${PYTHONPATH} /usr/bin/python3 setup.py develop --editable --build-directory /home/robot/repo/src/build/demo134/build --no-deps install_data
[5.108s] INFO:colcon.colcon_core.shell:Creating environment hook '/home/robot/repo/src/build/demo134/share/demo134/hook/pythonpath_develop.ps1'
[5.109s] INFO:colcon.colcon_core.shell:Creating environment descriptor '/home/robot/repo/src/build/demo134/share/demo134/hook/pythonpath_develop.dsv'
[5.109s] INFO:colcon.colcon_core.shell:Creating environment hook '/home/robot/repo/src/build/demo134/share/demo134/hook/pythonpath_develop.sh'
[5.140s] Level 1:colcon.colcon_core.environment:checking '/home/robot/repo/src/install/demo134' for CMake module files
[5.141s] Level 1:colcon.colcon_core.environment:checking '/home/robot/repo/src/install/demo134' for CMake config files
[5.142s] Level 1:colcon.colcon_core.environment:checking '/home/robot/repo/src/install/demo134/lib'
[5.142s] Level 1:colcon.colcon_core.environment:checking '/home/robot/repo/src/install/demo134/bin'
[5.142s] Level 1:colcon.colcon_core.environment:checking '/home/robot/repo/src/install/demo134/lib/pkgconfig/demo134.pc'
[5.142s] Level 1:colcon.colcon_core.environment:checking '/home/robot/repo/src/install/demo134/lib/python3.10/site-packages'
[5.142s] Level 1:colcon.colcon_core.shell:create_environment_hook('demo134', 'pythonpath')
[5.168s] INFO:colcon.colcon_core.shell:Creating environment hook '/home/robot/repo/src/install/demo134/share/demo134/hook/pythonpath.ps1'
[5.168s] INFO:colcon.colcon_core.shell:Creating environment descriptor '/home/robot/repo/src/install/demo134/share/demo134/hook/pythonpath.dsv'
[5.169s] INFO:colcon.colcon_core.shell:Creating environment hook '/home/robot/repo/src/install/demo134/share/demo134/hook/pythonpath.sh'
[5.169s] Level 1:colcon.colcon_core.environment:checking '/home/robot/repo/src/install/demo134/bin'
[5.169s] Level 1:colcon.colcon_core.environment:create_environment_scripts_only(demo134)
[5.194s] INFO:colcon.colcon_core.shell:Creating package script '/home/robot/repo/src/install/demo134/share/demo134/package.ps1'
[5.195s] INFO:colcon.colcon_core.shell:Creating package descriptor '/home/robot/repo/src/install/demo134/share/demo134/package.dsv'
[5.195s] INFO:colcon.colcon_core.shell:Creating package script '/home/robot/repo/src/install/demo134/share/demo134/package.sh'
[5.196s] INFO:colcon.colcon_core.shell:Creating package script '/home/robot/repo/src/install/demo134/share/demo134/package.bash'
[5.197s] INFO:colcon.colcon_core.shell:Creating package script '/home/robot/repo/src/install/demo134/share/demo134/package.zsh'
[5.197s] Level 1:colcon.colcon_core.environment:create_file_with_runtime_dependencies(/home/robot/repo/src/install/demo134/share/colcon-core/packages/demo134)
[5.198s] INFO:colcon.colcon_ros.task.ament_python.build:Building ROS package in '/home/robot/repo/src/sixdof' with build type 'ament_python'
[5.198s] Level 1:colcon.colcon_core.shell:create_environment_hook('sixdof', 'ament_prefix_path')
[5.226s] INFO:colcon.colcon_core.shell:Creating environment hook '/home/robot/repo/src/install/sixdof/share/sixdof/hook/ament_prefix_path.ps1'
[5.227s] INFO:colcon.colcon_core.shell:Creating environment descriptor '/home/robot/repo/src/install/sixdof/share/sixdof/hook/ament_prefix_path.dsv'
[5.227s] INFO:colcon.colcon_core.shell:Creating environment hook '/home/robot/repo/src/install/sixdof/share/sixdof/hook/ament_prefix_path.sh'
[5.252s] INFO:colcon.colcon_core.shell:Skip shell extension 'powershell' for command environment: Not usable outside of PowerShell
[5.252s] DEBUG:colcon.colcon_core.shell:Skip shell extension 'dsv' for command environment
[5.324s] Level 1:colcon.colcon_core.shell:create_environment_hook('hebiros', 'pythonpath_develop')
[5.325s] DEBUG:colcon.colcon_core.event_handler.log_command:Invoked command in '/home/robot/repo/src/build/hebiros' returned '0': PYTHONPATH=/home/robot/repo/src/build/hebiros/prefix_override:/home/robot/repo/src/install/hebiros/lib/python3.10/site-packages:${PYTHONPATH} /usr/bin/python3 setup.py develop --editable --build-directory /home/robot/repo/src/build/hebiros/build --no-deps install_data
[5.353s] INFO:colcon.colcon_core.shell:Creating environment hook '/home/robot/repo/src/build/hebiros/share/hebiros/hook/pythonpath_develop.ps1'
[5.354s] INFO:colcon.colcon_core.shell:Creating environment descriptor '/home/robot/repo/src/build/hebiros/share/hebiros/hook/pythonpath_develop.dsv'
[5.354s] INFO:colcon.colcon_core.shell:Creating environment hook '/home/robot/repo/src/build/hebiros/share/hebiros/hook/pythonpath_develop.sh'
[5.375s] Level 1:colcon.colcon_core.environment:checking '/home/robot/repo/src/install/hebiros' for CMake module files
[5.375s] Level 1:colcon.colcon_core.environment:checking '/home/robot/repo/src/install/hebiros' for CMake config files
[5.375s] Level 1:colcon.colcon_core.environment:checking '/home/robot/repo/src/install/hebiros/lib'
[5.375s] Level 1:colcon.colcon_core.environment:checking '/home/robot/repo/src/install/hebiros/bin'
[5.375s] Level 1:colcon.colcon_core.environment:checking '/home/robot/repo/src/install/hebiros/lib/pkgconfig/hebiros.pc'
[5.376s] Level 1:colcon.colcon_core.environment:checking '/home/robot/repo/src/install/hebiros/lib/python3.10/site-packages'
[5.376s] Level 1:colcon.colcon_core.shell:create_environment_hook('hebiros', 'pythonpath')
[5.395s] INFO:colcon.colcon_core.shell:Creating environment hook '/home/robot/repo/src/install/hebiros/share/hebiros/hook/pythonpath.ps1'
[5.395s] INFO:colcon.colcon_core.shell:Creating environment descriptor '/home/robot/repo/src/install/hebiros/share/hebiros/hook/pythonpath.dsv'
[5.395s] INFO:colcon.colcon_core.shell:Creating environment hook '/home/robot/repo/src/install/hebiros/share/hebiros/hook/pythonpath.sh'
[5.396s] Level 1:colcon.colcon_core.environment:checking '/home/robot/repo/src/install/hebiros/bin'
[5.396s] Level 1:colcon.colcon_core.environment:create_environment_scripts_only(hebiros)
[5.415s] INFO:colcon.colcon_core.shell:Creating package script '/home/robot/repo/src/install/hebiros/share/hebiros/package.ps1'
[5.415s] INFO:colcon.colcon_core.shell:Creating package descriptor '/home/robot/repo/src/install/hebiros/share/hebiros/package.dsv'
[5.415s] INFO:colcon.colcon_core.shell:Creating package script '/home/robot/repo/src/install/hebiros/share/hebiros/package.sh'
[5.416s] INFO:colcon.colcon_core.shell:Creating package script '/home/robot/repo/src/install/hebiros/share/hebiros/package.bash'
[5.416s] INFO:colcon.colcon_core.shell:Creating package script '/home/robot/repo/src/install/hebiros/share/hebiros/package.zsh'
[5.416s] Level 1:colcon.colcon_core.environment:create_file_with_runtime_dependencies(/home/robot/repo/src/install/hebiros/share/colcon-core/packages/hebiros)
[5.417s] Level 1:colcon.colcon_core.shell:create_environment_hook('basic134', 'pythonpath_develop')
[5.418s] DEBUG:colcon.colcon_core.event_handler.log_command:Invoked command in '/home/robot/repo/src/build/basic134' returned '0': PYTHONPATH=/home/robot/repo/src/build/basic134/prefix_override:/home/robot/repo/src/install/basic134/lib/python3.10/site-packages:${PYTHONPATH} /usr/bin/python3 setup.py develop --editable --build-directory /home/robot/repo/src/build/basic134/build --no-deps install_data
[5.436s] INFO:colcon.colcon_core.shell:Creating environment hook '/home/robot/repo/src/build/basic134/share/basic134/hook/pythonpath_develop.ps1'
[5.436s] INFO:colcon.colcon_core.shell:Creating environment descriptor '/home/robot/repo/src/build/basic134/share/basic134/hook/pythonpath_develop.dsv'
[5.437s] INFO:colcon.colcon_core.shell:Creating environment hook '/home/robot/repo/src/build/basic134/share/basic134/hook/pythonpath_develop.sh'
[5.459s] Level 1:colcon.colcon_core.environment:checking '/home/robot/repo/src/install/basic134' for CMake module files
[5.459s] Level 1:colcon.colcon_core.environment:checking '/home/robot/repo/src/install/basic134' for CMake config files
[5.460s] Level 1:colcon.colcon_core.environment:checking '/home/robot/repo/src/install/basic134/lib'
[5.460s] Level 1:colcon.colcon_core.environment:checking '/home/robot/repo/src/install/basic134/bin'
[5.460s] Level 1:colcon.colcon_core.environment:checking '/home/robot/repo/src/install/basic134/lib/pkgconfig/basic134.pc'
[5.460s] Level 1:colcon.colcon_core.environment:checking '/home/robot/repo/src/install/basic134/lib/python3.10/site-packages'
[5.460s] Level 1:colcon.colcon_core.shell:create_environment_hook('basic134', 'pythonpath')
[5.479s] INFO:colcon.colcon_core.shell:Creating environment hook '/home/robot/repo/src/install/basic134/share/basic134/hook/pythonpath.ps1'
[5.480s] INFO:colcon.colcon_core.shell:Creating environment descriptor '/home/robot/repo/src/install/basic134/share/basic134/hook/pythonpath.dsv'
[5.480s] INFO:colcon.colcon_core.shell:Creating environment hook '/home/robot/repo/src/install/basic134/share/basic134/hook/pythonpath.sh'
[5.480s] Level 1:colcon.colcon_core.environment:checking '/home/robot/repo/src/install/basic134/bin'
[5.480s] Level 1:colcon.colcon_core.environment:create_environment_scripts_only(basic134)
[5.498s] INFO:colcon.colcon_core.shell:Creating package script '/home/robot/repo/src/install/basic134/share/basic134/package.ps1'
[5.499s] INFO:colcon.colcon_core.shell:Creating package descriptor '/home/robot/repo/src/install/basic134/share/basic134/package.dsv'
[5.499s] INFO:colcon.colcon_core.shell:Creating package script '/home/robot/repo/src/install/basic134/share/basic134/package.sh'
[5.500s] INFO:colcon.colcon_core.shell:Creating package script '/home/robot/repo/src/install/basic134/share/basic134/package.bash'
[5.500s] INFO:colcon.colcon_core.shell:Creating package script '/home/robot/repo/src/install/basic134/share/basic134/package.zsh'
[5.500s] Level 1:colcon.colcon_core.environment:create_file_with_runtime_dependencies(/home/robot/repo/src/install/basic134/share/colcon-core/packages/basic134)
[5.500s] INFO:colcon.colcon_ros.task.ament_python.build:Building ROS package in '/home/robot/repo/src/threedof' with build type 'ament_python'
[5.501s] Level 1:colcon.colcon_core.shell:create_environment_hook('threedof', 'ament_prefix_path')
[5.522s] INFO:colcon.colcon_core.shell:Creating environment hook '/home/robot/repo/src/install/threedof/share/threedof/hook/ament_prefix_path.ps1'
[5.523s] INFO:colcon.colcon_core.shell:Creating environment descriptor '/home/robot/repo/src/install/threedof/share/threedof/hook/ament_prefix_path.dsv'
[5.523s] INFO:colcon.colcon_core.shell:Creating environment hook '/home/robot/repo/src/install/threedof/share/threedof/hook/ament_prefix_path.sh'
[5.544s] INFO:colcon.colcon_core.shell:Skip shell extension 'powershell' for command environment: Not usable outside of PowerShell
[5.544s] DEBUG:colcon.colcon_core.shell:Skip shell extension 'dsv' for command environment
[5.897s] INFO:colcon.colcon_core.task.python.build:Building Python package in '/home/robot/repo/src/sixdof'
[5.916s] INFO:colcon.colcon_core.shell:Skip shell extension 'powershell' for command environment: Not usable outside of PowerShell
[5.916s] DEBUG:colcon.colcon_core.shell:Skip shell extension 'dsv' for command environment
[5.978s] DEBUG:colcon.colcon_core.event_handler.log_command:Invoked command in '/home/robot/repo/src/build/usb_cam' returned '0': CMAKE_PREFIX_PATH=${CMAKE_PREFIX_PATH}:/home/robot/robotws/install/detectors:/home/robot/robotws/install/threedof:/home/robot/robotws/install/sixdof:/home/robot/robotws/install/hebiros:/home/robot/robotws/install/demo134:/home/robot/robotws/install/basic134:/opt/ros/humble /usr/bin/cmake /home/robot/repo/src/usb_cam -DAMENT_CMAKE_SYMLINK_INSTALL=1 -DCMAKE_INSTALL_PREFIX=/home/robot/repo/src/install/usb_cam
[5.980s] DEBUG:colcon.colcon_core.event_handler.log_command:Invoking command in '/home/robot/repo/src/build/usb_cam': CMAKE_PREFIX_PATH=${CMAKE_PREFIX_PATH}:/home/robot/robotws/install/detectors:/home/robot/robotws/install/threedof:/home/robot/robotws/install/sixdof:/home/robot/robotws/install/hebiros:/home/robot/robotws/install/demo134:/home/robot/robotws/install/basic134:/opt/ros/humble /usr/bin/cmake --build /home/robot/repo/src/build/usb_cam -- -j4 -l4
[6.522s] INFO:colcon.colcon_core.task.python.build:Building Python package in '/home/robot/repo/src/threedof'
[6.557s] INFO:colcon.colcon_core.shell:Skip shell extension 'powershell' for command environment: Not usable outside of PowerShell
[6.557s] DEBUG:colcon.colcon_core.shell:Skip shell extension 'dsv' for command environment
[7.585s] DEBUG:colcon.colcon_core.event_handler.log_command:Invoking command in '/home/robot/repo/src/build/threedof': PYTHONPATH=/home/robot/repo/src/build/threedof/prefix_override:/home/robot/repo/src/install/threedof/lib/python3.10/site-packages:${PYTHONPATH} /usr/bin/python3 setup.py develop --editable --build-directory /home/robot/repo/src/build/threedof/build --no-deps install_data
[7.676s] DEBUG:colcon.colcon_core.event_handler.log_command:Invoking command in '/home/robot/repo/src/build/sixdof': PYTHONPATH=/home/robot/repo/src/build/sixdof/prefix_override:/home/robot/repo/src/install/sixdof/lib/python3.10/site-packages:${PYTHONPATH} /usr/bin/python3 setup.py develop --editable --build-directory /home/robot/repo/src/build/sixdof/build --no-deps install_data
[8.963s] Level 1:colcon.colcon_core.shell:create_environment_hook('threedof', 'pythonpath_develop')
[8.972s] DEBUG:colcon.colcon_core.event_handler.log_command:Invoked command in '/home/robot/repo/src/build/threedof' returned '0': PYTHONPATH=/home/robot/repo/src/build/threedof/prefix_override:/home/robot/repo/src/install/threedof/lib/python3.10/site-packages:${PYTHONPATH} /usr/bin/python3 setup.py develop --editable --build-directory /home/robot/repo/src/build/threedof/build --no-deps install_data
[9.010s] INFO:colcon.colcon_core.shell:Creating environment hook '/home/robot/repo/src/build/threedof/share/threedof/hook/pythonpath_develop.ps1'
[9.011s] INFO:colcon.colcon_core.shell:Creating environment descriptor '/home/robot/repo/src/build/threedof/share/threedof/hook/pythonpath_develop.dsv'
[9.011s] INFO:colcon.colcon_core.shell:Creating environment hook '/home/robot/repo/src/build/threedof/share/threedof/hook/pythonpath_develop.sh'
[9.045s] Level 1:colcon.colcon_core.environment:checking '/home/robot/repo/src/install/threedof' for CMake module files
[9.046s] Level 1:colcon.colcon_core.environment:checking '/home/robot/repo/src/install/threedof' for CMake config files
[9.047s] Level 1:colcon.colcon_core.environment:checking '/home/robot/repo/src/install/threedof/lib'
[9.047s] Level 1:colcon.colcon_core.environment:checking '/home/robot/repo/src/install/threedof/bin'
[9.047s] Level 1:colcon.colcon_core.environment:checking '/home/robot/repo/src/install/threedof/lib/pkgconfig/threedof.pc'
[9.047s] Level 1:colcon.colcon_core.environment:checking '/home/robot/repo/src/install/threedof/lib/python3.10/site-packages'
[9.047s] Level 1:colcon.colcon_core.shell:create_environment_hook('threedof', 'pythonpath')
[9.081s] INFO:colcon.colcon_core.shell:Creating environment hook '/home/robot/repo/src/install/threedof/share/threedof/hook/pythonpath.ps1'
[9.081s] INFO:colcon.colcon_core.shell:Creating environment descriptor '/home/robot/repo/src/install/threedof/share/threedof/hook/pythonpath.dsv'
[9.082s] INFO:colcon.colcon_core.shell:Creating environment hook '/home/robot/repo/src/install/threedof/share/threedof/hook/pythonpath.sh'
[9.083s] Level 1:colcon.colcon_core.environment:checking '/home/robot/repo/src/install/threedof/bin'
[9.083s] Level 1:colcon.colcon_core.environment:create_environment_scripts_only(threedof)
[9.116s] INFO:colcon.colcon_core.shell:Creating package script '/home/robot/repo/src/install/threedof/share/threedof/package.ps1'
[9.117s] INFO:colcon.colcon_core.shell:Creating package descriptor '/home/robot/repo/src/install/threedof/share/threedof/package.dsv'
[9.118s] INFO:colcon.colcon_core.shell:Creating package script '/home/robot/repo/src/install/threedof/share/threedof/package.sh'
[9.119s] INFO:colcon.colcon_core.shell:Creating package script '/home/robot/repo/src/install/threedof/share/threedof/package.bash'
[9.119s] INFO:colcon.colcon_core.shell:Creating package script '/home/robot/repo/src/install/threedof/share/threedof/package.zsh'
[9.119s] Level 1:colcon.colcon_core.environment:create_file_with_runtime_dependencies(/home/robot/repo/src/install/threedof/share/colcon-core/packages/threedof)
[9.121s] Level 1:colcon.colcon_core.shell:create_environment_hook('sixdof', 'pythonpath_develop')
[9.121s] DEBUG:colcon.colcon_core.event_handler.log_command:Invoked command in '/home/robot/repo/src/build/sixdof' returned '0': PYTHONPATH=/home/robot/repo/src/build/sixdof/prefix_override:/home/robot/repo/src/install/sixdof/lib/python3.10/site-packages:${PYTHONPATH} /usr/bin/python3 setup.py develop --editable --build-directory /home/robot/repo/src/build/sixdof/build --no-deps install_data
[9.154s] INFO:colcon.colcon_core.shell:Creating environment hook '/home/robot/repo/src/build/sixdof/share/sixdof/hook/pythonpath_develop.ps1'
[9.155s] INFO:colcon.colcon_core.shell:Creating environment descriptor '/home/robot/repo/src/build/sixdof/share/sixdof/hook/pythonpath_develop.dsv'
[9.155s] INFO:colcon.colcon_core.shell:Creating environment hook '/home/robot/repo/src/build/sixdof/share/sixdof/hook/pythonpath_develop.sh'
[9.188s] Level 1:colcon.colcon_core.environment:checking '/home/robot/repo/src/install/sixdof' for CMake module files
[9.189s] Level 1:colcon.colcon_core.environment:checking '/home/robot/repo/src/install/sixdof' for CMake config files
[9.189s] Level 1:colcon.colcon_core.environment:checking '/home/robot/repo/src/install/sixdof/lib'
[9.189s] Level 1:colcon.colcon_core.environment:checking '/home/robot/repo/src/install/sixdof/bin'
[9.190s] Level 1:colcon.colcon_core.environment:checking '/home/robot/repo/src/install/sixdof/lib/pkgconfig/sixdof.pc'
[9.190s] Level 1:colcon.colcon_core.environment:checking '/home/robot/repo/src/install/sixdof/lib/python3.10/site-packages'
[9.190s] Level 1:colcon.colcon_core.shell:create_environment_hook('sixdof', 'pythonpath')
[9.224s] INFO:colcon.colcon_core.shell:Creating environment hook '/home/robot/repo/src/install/sixdof/share/sixdof/hook/pythonpath.ps1'
[9.224s] INFO:colcon.colcon_core.shell:Creating environment descriptor '/home/robot/repo/src/install/sixdof/share/sixdof/hook/pythonpath.dsv'
[9.225s] INFO:colcon.colcon_core.shell:Creating environment hook '/home/robot/repo/src/install/sixdof/share/sixdof/hook/pythonpath.sh'
[9.226s] Level 1:colcon.colcon_core.environment:checking '/home/robot/repo/src/install/sixdof/bin'
[9.226s] Level 1:colcon.colcon_core.environment:create_environment_scripts_only(sixdof)
[9.260s] INFO:colcon.colcon_core.shell:Creating package script '/home/robot/repo/src/install/sixdof/share/sixdof/package.ps1'
[9.261s] INFO:colcon.colcon_core.shell:Creating package descriptor '/home/robot/repo/src/install/sixdof/share/sixdof/package.dsv'
[9.261s] INFO:colcon.colcon_core.shell:Creating package script '/home/robot/repo/src/install/sixdof/share/sixdof/package.sh'
[9.262s] INFO:colcon.colcon_core.shell:Creating package script '/home/robot/repo/src/install/sixdof/share/sixdof/package.bash'
[9.263s] INFO:colcon.colcon_core.shell:Creating package script '/home/robot/repo/src/install/sixdof/share/sixdof/package.zsh'
[9.263s] Level 1:colcon.colcon_core.environment:create_file_with_runtime_dependencies(/home/robot/repo/src/install/sixdof/share/colcon-core/packages/sixdof)
[17.602s] DEBUG:colcon.colcon_core.event_handler.log_command:Invoked command in '/home/robot/repo/src/build/usb_cam' returned '0': CMAKE_PREFIX_PATH=${CMAKE_PREFIX_PATH}:/home/robot/robotws/install/detectors:/home/robot/robotws/install/threedof:/home/robot/robotws/install/sixdof:/home/robot/robotws/install/hebiros:/home/robot/robotws/install/demo134:/home/robot/robotws/install/basic134:/opt/ros/humble /usr/bin/cmake --build /home/robot/repo/src/build/usb_cam -- -j4 -l4
[17.648s] DEBUG:colcon.colcon_core.event_handler.log_command:Invoking command in '/home/robot/repo/src/build/usb_cam': CMAKE_PREFIX_PATH=${CMAKE_PREFIX_PATH}:/home/robot/robotws/install/detectors:/home/robot/robotws/install/threedof:/home/robot/robotws/install/sixdof:/home/robot/robotws/install/hebiros:/home/robot/robotws/install/demo134:/home/robot/robotws/install/basic134:/opt/ros/humble /usr/bin/cmake --install /home/robot/repo/src/build/usb_cam
[18.026s] Level 1:colcon.colcon_core.environment:create_environment_scripts_only(usb_cam)
[18.027s] DEBUG:colcon.colcon_core.event_handler.log_command:Invoked command in '/home/robot/repo/src/build/usb_cam' returned '0': CMAKE_PREFIX_PATH=${CMAKE_PREFIX_PATH}:/home/robot/robotws/install/detectors:/home/robot/robotws/install/threedof:/home/robot/robotws/install/sixdof:/home/robot/robotws/install/hebiros:/home/robot/robotws/install/demo134:/home/robot/robotws/install/basic134:/opt/ros/humble /usr/bin/cmake --install /home/robot/repo/src/build/usb_cam
[18.047s] Level 1:colcon.colcon_core.environment:checking '/home/robot/repo/src/install/usb_cam' for CMake module files
[18.047s] Level 1:colcon.colcon_core.environment:checking '/home/robot/repo/src/install/usb_cam' for CMake config files
[18.048s] Level 1:colcon.colcon_core.shell:create_environment_hook('usb_cam', 'cmake_prefix_path')
[18.067s] INFO:colcon.colcon_core.shell:Creating environment hook '/home/robot/repo/src/install/usb_cam/share/usb_cam/hook/cmake_prefix_path.ps1'
[18.067s] INFO:colcon.colcon_core.shell:Creating environment descriptor '/home/robot/repo/src/install/usb_cam/share/usb_cam/hook/cmake_prefix_path.dsv'
[18.067s] INFO:colcon.colcon_core.shell:Creating environment hook '/home/robot/repo/src/install/usb_cam/share/usb_cam/hook/cmake_prefix_path.sh'
[18.068s] Level 1:colcon.colcon_core.environment:checking '/home/robot/repo/src/install/usb_cam/lib'
[18.068s] Level 1:colcon.colcon_core.shell:create_environment_hook('usb_cam', 'ld_library_path_lib')
[18.086s] INFO:colcon.colcon_core.shell:Creating environment hook '/home/robot/repo/src/install/usb_cam/share/usb_cam/hook/ld_library_path_lib.ps1'
[18.086s] INFO:colcon.colcon_core.shell:Creating environment descriptor '/home/robot/repo/src/install/usb_cam/share/usb_cam/hook/ld_library_path_lib.dsv'
[18.087s] INFO:colcon.colcon_core.shell:Creating environment hook '/home/robot/repo/src/install/usb_cam/share/usb_cam/hook/ld_library_path_lib.sh'
[18.087s] Level 1:colcon.colcon_core.environment:checking '/home/robot/repo/src/install/usb_cam/bin'
[18.087s] Level 1:colcon.colcon_core.environment:checking '/home/robot/repo/src/install/usb_cam/lib/pkgconfig/usb_cam.pc'
[18.087s] Level 1:colcon.colcon_core.environment:checking '/home/robot/repo/src/install/usb_cam/lib/python3.10/site-packages'
[18.087s] Level 1:colcon.colcon_core.environment:checking '/home/robot/repo/src/install/usb_cam/bin'
[18.107s] INFO:colcon.colcon_core.shell:Creating package script '/home/robot/repo/src/install/usb_cam/share/usb_cam/package.ps1'
[18.107s] INFO:colcon.colcon_core.shell:Creating package descriptor '/home/robot/repo/src/install/usb_cam/share/usb_cam/package.dsv'
[18.108s] INFO:colcon.colcon_core.shell:Creating package script '/home/robot/repo/src/install/usb_cam/share/usb_cam/package.sh'
[18.108s] INFO:colcon.colcon_core.shell:Creating package script '/home/robot/repo/src/install/usb_cam/share/usb_cam/package.bash'
[18.108s] INFO:colcon.colcon_core.shell:Creating package script '/home/robot/repo/src/install/usb_cam/share/usb_cam/package.zsh'
[18.108s] Level 1:colcon.colcon_core.environment:create_file_with_runtime_dependencies(/home/robot/repo/src/install/usb_cam/share/colcon-core/packages/usb_cam)
[18.166s] Level 1:colcon.colcon_core.environment:create_environment_scripts_only(usb_cam)
[18.185s] Level 1:colcon.colcon_core.environment:checking '/home/robot/repo/src/install/usb_cam' for CMake module files
[18.185s] Level 1:colcon.colcon_core.environment:checking '/home/robot/repo/src/install/usb_cam' for CMake config files
[18.186s] Level 1:colcon.colcon_core.shell:create_environment_hook('usb_cam', 'cmake_prefix_path')
[18.205s] INFO:colcon.colcon_core.shell:Creating environment hook '/home/robot/repo/src/install/usb_cam/share/usb_cam/hook/cmake_prefix_path.ps1'
[18.205s] INFO:colcon.colcon_core.shell:Creating environment descriptor '/home/robot/repo/src/install/usb_cam/share/usb_cam/hook/cmake_prefix_path.dsv'
[18.206s] INFO:colcon.colcon_core.shell:Creating environment hook '/home/robot/repo/src/install/usb_cam/share/usb_cam/hook/cmake_prefix_path.sh'
[18.206s] Level 1:colcon.colcon_core.environment:checking '/home/robot/repo/src/install/usb_cam/lib'
[18.206s] Level 1:colcon.colcon_core.shell:create_environment_hook('usb_cam', 'ld_library_path_lib')
[18.224s] INFO:colcon.colcon_core.shell:Creating environment hook '/home/robot/repo/src/install/usb_cam/share/usb_cam/hook/ld_library_path_lib.ps1'
[18.224s] INFO:colcon.colcon_core.shell:Creating environment descriptor '/home/robot/repo/src/install/usb_cam/share/usb_cam/hook/ld_library_path_lib.dsv'
[18.225s] INFO:colcon.colcon_core.shell:Creating environment hook '/home/robot/repo/src/install/usb_cam/share/usb_cam/hook/ld_library_path_lib.sh'
[18.225s] Level 1:colcon.colcon_core.environment:checking '/home/robot/repo/src/install/usb_cam/bin'
[18.225s] Level 1:colcon.colcon_core.environment:checking '/home/robot/repo/src/install/usb_cam/lib/pkgconfig/usb_cam.pc'
[18.225s] Level 1:colcon.colcon_core.environment:checking '/home/robot/repo/src/install/usb_cam/lib/python3.10/site-packages'
[18.225s] Level 1:colcon.colcon_core.environment:checking '/home/robot/repo/src/install/usb_cam/bin'
[18.243s] INFO:colcon.colcon_core.shell:Creating package script '/home/robot/repo/src/install/usb_cam/share/usb_cam/package.ps1'
[18.244s] INFO:colcon.colcon_core.shell:Creating package descriptor '/home/robot/repo/src/install/usb_cam/share/usb_cam/package.dsv'
[18.244s] INFO:colcon.colcon_core.shell:Creating package script '/home/robot/repo/src/install/usb_cam/share/usb_cam/package.sh'
[18.245s] INFO:colcon.colcon_core.shell:Creating package script '/home/robot/repo/src/install/usb_cam/share/usb_cam/package.bash'
[18.245s] INFO:colcon.colcon_core.shell:Creating package script '/home/robot/repo/src/install/usb_cam/share/usb_cam/package.zsh'
[18.245s] Level 1:colcon.colcon_core.environment:create_file_with_runtime_dependencies(/home/robot/repo/src/install/usb_cam/share/colcon-core/packages/usb_cam)
[18.246s] INFO:colcon.colcon_ros.task.ament_python.build:Building ROS package in '/home/robot/repo/src/detectors' with build type 'ament_python'
[18.246s] Level 1:colcon.colcon_core.shell:create_environment_hook('detectors', 'ament_prefix_path')
[18.267s] INFO:colcon.colcon_core.shell:Creating environment hook '/home/robot/repo/src/install/detectors/share/detectors/hook/ament_prefix_path.ps1'
[18.268s] INFO:colcon.colcon_core.shell:Creating environment descriptor '/home/robot/repo/src/install/detectors/share/detectors/hook/ament_prefix_path.dsv'
[18.268s] INFO:colcon.colcon_core.shell:Creating environment hook '/home/robot/repo/src/install/detectors/share/detectors/hook/ament_prefix_path.sh'
[18.289s] INFO:colcon.colcon_core.shell:Skip shell extension 'powershell' for command environment: Not usable outside of PowerShell
[18.289s] DEBUG:colcon.colcon_core.shell:Skip shell extension 'dsv' for command environment
[18.644s] INFO:colcon.colcon_core.task.python.build:Building Python package in '/home/robot/repo/src/detectors'
[18.662s] INFO:colcon.colcon_core.shell:Skip shell extension 'powershell' for command environment: Not usable outside of PowerShell
[18.662s] DEBUG:colcon.colcon_core.shell:Skip shell extension 'dsv' for command environment
[19.139s] DEBUG:colcon.colcon_core.event_handler.log_command:Invoking command in '/home/robot/repo/src/build/detectors': AMENT_PREFIX_PATH=/home/robot/repo/src/install/usb_cam:${AMENT_PREFIX_PATH} CMAKE_PREFIX_PATH=/home/robot/repo/src/install/usb_cam:${CMAKE_PREFIX_PATH} LD_LIBRARY_PATH=/home/robot/repo/src/install/usb_cam/lib:${LD_LIBRARY_PATH} PYTHONPATH=/home/robot/repo/src/build/detectors/prefix_override:/home/robot/repo/src/install/detectors/lib/python3.10/site-packages:${PYTHONPATH} /usr/bin/python3 setup.py develop --editable --build-directory /home/robot/repo/src/build/detectors/build --no-deps install_data
[19.686s] Level 1:colcon.colcon_core.shell:create_environment_hook('detectors', 'pythonpath_develop')
[19.686s] DEBUG:colcon.colcon_core.event_handler.log_command:Invoked command in '/home/robot/repo/src/build/detectors' returned '0': AMENT_PREFIX_PATH=/home/robot/repo/src/install/usb_cam:${AMENT_PREFIX_PATH} CMAKE_PREFIX_PATH=/home/robot/repo/src/install/usb_cam:${CMAKE_PREFIX_PATH} LD_LIBRARY_PATH=/home/robot/repo/src/install/usb_cam/lib:${LD_LIBRARY_PATH} PYTHONPATH=/home/robot/repo/src/build/detectors/prefix_override:/home/robot/repo/src/install/detectors/lib/python3.10/site-packages:${PYTHONPATH} /usr/bin/python3 setup.py develop --editable --build-directory /home/robot/repo/src/build/detectors/build --no-deps install_data
[19.705s] INFO:colcon.colcon_core.shell:Creating environment hook '/home/robot/repo/src/build/detectors/share/detectors/hook/pythonpath_develop.ps1'
[19.706s] INFO:colcon.colcon_core.shell:Creating environment descriptor '/home/robot/repo/src/build/detectors/share/detectors/hook/pythonpath_develop.dsv'
[19.706s] INFO:colcon.colcon_core.shell:Creating environment hook '/home/robot/repo/src/build/detectors/share/detectors/hook/pythonpath_develop.sh'
[19.725s] Level 1:colcon.colcon_core.environment:checking '/home/robot/repo/src/install/detectors' for CMake module files
[19.725s] Level 1:colcon.colcon_core.environment:checking '/home/robot/repo/src/install/detectors' for CMake config files
[19.726s] Level 1:colcon.colcon_core.environment:checking '/home/robot/repo/src/install/detectors/lib'
[19.726s] Level 1:colcon.colcon_core.environment:checking '/home/robot/repo/src/install/detectors/bin'
[19.726s] Level 1:colcon.colcon_core.environment:checking '/home/robot/repo/src/install/detectors/lib/pkgconfig/detectors.pc'
[19.726s] Level 1:colcon.colcon_core.environment:checking '/home/robot/repo/src/install/detectors/lib/python3.10/site-packages'
[19.726s] Level 1:colcon.colcon_core.shell:create_environment_hook('detectors', 'pythonpath')
[19.744s] INFO:colcon.colcon_core.shell:Creating environment hook '/home/robot/repo/src/install/detectors/share/detectors/hook/pythonpath.ps1'
[19.745s] INFO:colcon.colcon_core.shell:Creating environment descriptor '/home/robot/repo/src/install/detectors/share/detectors/hook/pythonpath.dsv'
[19.745s] INFO:colcon.colcon_core.shell:Creating environment hook '/home/robot/repo/src/install/detectors/share/detectors/hook/pythonpath.sh'
[19.745s] Level 1:colcon.colcon_core.environment:checking '/home/robot/repo/src/install/detectors/bin'
[19.745s] Level 1:colcon.colcon_core.environment:create_environment_scripts_only(detectors)
[19.767s] INFO:colcon.colcon_core.shell:Creating package script '/home/robot/repo/src/install/detectors/share/detectors/package.ps1'
[19.768s] INFO:colcon.colcon_core.shell:Creating package descriptor '/home/robot/repo/src/install/detectors/share/detectors/package.dsv'
[19.768s] INFO:colcon.colcon_core.shell:Creating package script '/home/robot/repo/src/install/detectors/share/detectors/package.sh'
[19.769s] INFO:colcon.colcon_core.shell:Creating package script '/home/robot/repo/src/install/detectors/share/detectors/package.bash'
[19.769s] INFO:colcon.colcon_core.shell:Creating package script '/home/robot/repo/src/install/detectors/share/detectors/package.zsh'
[19.769s] Level 1:colcon.colcon_core.environment:create_file_with_runtime_dependencies(/home/robot/repo/src/install/detectors/share/colcon-core/packages/detectors)
[19.769s] DEBUG:colcon.colcon_parallel_executor.executor.parallel:closing loop
[19.770s] DEBUG:colcon.colcon_parallel_executor.executor.parallel:loop closed
[19.770s] DEBUG:colcon.colcon_parallel_executor.executor.parallel:run_until_complete finished with '0'
[19.770s] DEBUG:colcon.colcon_core.event_reactor:joining thread
[19.802s] INFO:colcon.colcon_core.plugin_system:Skipping extension 'colcon_notification.desktop_notification.terminal_notifier': Not used on non-Darwin systems
[19.802s] INFO:colcon.colcon_core.plugin_system:Skipping extension 'colcon_notification.desktop_notification.win32': Not used on non-Windows systems
[19.802s] INFO:colcon.colcon_notification.desktop_notification:Sending desktop notification using 'notify2'
[19.814s] DEBUG:colcon.colcon_core.event_reactor:joined thread
[19.839s] INFO:colcon.colcon_core.shell:Creating prefix script '/home/robot/repo/src/install/local_setup.ps1'
[19.841s] INFO:colcon.colcon_core.shell:Creating prefix util module '/home/robot/repo/src/install/_local_setup_util_ps1.py'
[19.843s] INFO:colcon.colcon_core.shell:Creating prefix chain script '/home/robot/repo/src/install/setup.ps1'
[19.872s] INFO:colcon.colcon_core.shell:Creating prefix script '/home/robot/repo/src/install/local_setup.sh'
[19.872s] INFO:colcon.colcon_core.shell:Creating prefix util module '/home/robot/repo/src/install/_local_setup_util_sh.py'
[19.873s] INFO:colcon.colcon_core.shell:Creating prefix chain script '/home/robot/repo/src/install/setup.sh'
[19.896s] INFO:colcon.colcon_core.shell:Creating prefix script '/home/robot/repo/src/install/local_setup.bash'
[19.897s] INFO:colcon.colcon_core.shell:Creating prefix chain script '/home/robot/repo/src/install/setup.bash'
[19.926s] INFO:colcon.colcon_core.shell:Creating prefix script '/home/robot/repo/src/install/local_setup.zsh'
[19.926s] INFO:colcon.colcon_core.shell:Creating prefix chain script '/home/robot/repo/src/install/setup.zsh'
