running develop
/usr/lib/python3/dist-packages/setuptools/command/easy_install.py:158: EasyInstallDeprecationWarning: easy_install command is deprecated. Use build and pip and other standards-based tools.
  warnings.warn(
/usr/lib/python3/dist-packages/setuptools/command/install.py:34: SetuptoolsDeprecationWarning: setup.py install is deprecated. Use build and pip and other standards-based tools.
  warnings.warn(
running egg_info
creating threedof.egg-info
writing threedof.egg-info/PKG-INFO
writing dependency_links to threedof.egg-info/dependency_links.txt
writing entry points to threedof.egg-info/entry_points.txt
writing requirements to threedof.egg-info/requires.txt
writing top-level names to threedof.egg-info/top_level.txt
writing manifest file 'threedof.egg-info/SOURCES.txt'
reading manifest file 'threedof.egg-info/SOURCES.txt'
writing manifest file 'threedof.egg-info/SOURCES.txt'
running build_ext
Creating /home/robot/repo/src/install/threedof/lib/python3.10/site-packages/threedof.egg-link (link to .)
Installing goals3 script to /home/robot/repo/src/install/threedof/lib/threedof
Installing goals4 script to /home/robot/repo/src/install/threedof/lib/threedof
Installing gravitycomp script to /home/robot/repo/src/install/threedof/lib/threedof

Installed /home/robot/repo/src/build/threedof
running install_data
creating /home/robot/repo/src/install/threedof/share/ament_index
creating /home/robot/repo/src/install/threedof/share/ament_index/resource_index
creating /home/robot/repo/src/install/threedof/share/ament_index/resource_index/packages
copying resource/threedof -> /home/robot/repo/src/install/threedof/share/ament_index/resource_index/packages
copying package.xml -> /home/robot/repo/src/install/threedof/share/threedof
creating /home/robot/repo/src/install/threedof/share/threedof/launch
copying launch/goals4.launch.py -> /home/robot/repo/src/install/threedof/share/threedof/launch
copying launch/goals3.launch.py -> /home/robot/repo/src/install/threedof/share/threedof/launch
copying launch/viewactual.launch.py -> /home/robot/repo/src/install/threedof/share/threedof/launch
copying launch/viewcommand.launch.py -> /home/robot/repo/src/install/threedof/share/threedof/launch
copying launch/example.launch.py -> /home/robot/repo/src/install/threedof/share/threedof/launch
copying launch/showurdf.launch.py -> /home/robot/repo/src/install/threedof/share/threedof/launch
copying launch/gravitycomp.launch.py -> /home/robot/repo/src/install/threedof/share/threedof/launch
creating /home/robot/repo/src/install/threedof/share/threedof/rviz
creating /home/robot/repo/src/install/threedof/share/threedof/meshes
copying meshes/basiclink.dae -> /home/robot/repo/src/install/threedof/share/threedof/meshes
copying meshes/X8.stl -> /home/robot/repo/src/install/threedof/share/threedof/meshes
copying meshes/basiclink.stl -> /home/robot/repo/src/install/threedof/share/threedof/meshes
copying meshes/X5.stl -> /home/robot/repo/src/install/threedof/share/threedof/meshes
creating /home/robot/repo/src/install/threedof/share/threedof/urdf
copying urdf/viewurdf.rviz -> /home/robot/repo/src/install/threedof/share/threedof/urdf
copying urdf/134threedof.urdf -> /home/robot/repo/src/install/threedof/share/threedof/urdf
copying urdf/threedofexample.urdf -> /home/robot/repo/src/install/threedof/share/threedof/urdf
