[2.084s] Invoking command in '/home/robot/repo/src/build/threedof': PYTHONPATH=/home/robot/repo/src/build/threedof/prefix_override:/home/robot/repo/src/install/threedof/lib/python3.10/site-packages:${PYTHONPATH} /usr/bin/python3 setup.py develop --editable --build-directory /home/robot/repo/src/build/threedof/build --no-deps install_data
[2.815s] running develop
[2.815s] /usr/lib/python3/dist-packages/setuptools/command/easy_install.py:158: EasyInstallDeprecationWarning: easy_install command is deprecated. Use build and pip and other standards-based tools.
[2.815s]   warnings.warn(
[2.817s] /usr/lib/python3/dist-packages/setuptools/command/install.py:34: SetuptoolsDeprecationWarning: setup.py install is deprecated. Use build and pip and other standards-based tools.
[2.817s]   warnings.warn(
[3.334s] running egg_info
[3.335s] creating threedof.egg-info
[3.335s] writing threedof.egg-info/PKG-INFO
[3.335s] writing dependency_links to threedof.egg-info/dependency_links.txt
[3.335s] writing entry points to threedof.egg-info/entry_points.txt
[3.336s] writing requirements to threedof.egg-info/requires.txt
[3.336s] writing top-level names to threedof.egg-info/top_level.txt
[3.336s] writing manifest file 'threedof.egg-info/SOURCES.txt'
[3.339s] reading manifest file 'threedof.egg-info/SOURCES.txt'
[3.341s] writing manifest file 'threedof.egg-info/SOURCES.txt'
[3.343s] running build_ext
[3.344s] Creating /home/robot/repo/src/install/threedof/lib/python3.10/site-packages/threedof.egg-link (link to .)
[3.345s] Installing goals3 script to /home/robot/repo/src/install/threedof/lib/threedof
[3.345s] Installing goals4 script to /home/robot/repo/src/install/threedof/lib/threedof
[3.345s] Installing gravitycomp script to /home/robot/repo/src/install/threedof/lib/threedof
[3.346s] 
[3.346s] Installed /home/robot/repo/src/build/threedof
[3.346s] running install_data
[3.346s] creating /home/robot/repo/src/install/threedof/share/ament_index
[3.346s] creating /home/robot/repo/src/install/threedof/share/ament_index/resource_index
[3.347s] creating /home/robot/repo/src/install/threedof/share/ament_index/resource_index/packages
[3.347s] copying resource/threedof -> /home/robot/repo/src/install/threedof/share/ament_index/resource_index/packages
[3.347s] copying package.xml -> /home/robot/repo/src/install/threedof/share/threedof
[3.347s] creating /home/robot/repo/src/install/threedof/share/threedof/launch
[3.347s] copying launch/goals4.launch.py -> /home/robot/repo/src/install/threedof/share/threedof/launch
[3.347s] copying launch/goals3.launch.py -> /home/robot/repo/src/install/threedof/share/threedof/launch
[3.348s] copying launch/viewactual.launch.py -> /home/robot/repo/src/install/threedof/share/threedof/launch
[3.348s] copying launch/viewcommand.launch.py -> /home/robot/repo/src/install/threedof/share/threedof/launch
[3.348s] copying launch/example.launch.py -> /home/robot/repo/src/install/threedof/share/threedof/launch
[3.348s] copying launch/showurdf.launch.py -> /home/robot/repo/src/install/threedof/share/threedof/launch
[3.348s] copying launch/gravitycomp.launch.py -> /home/robot/repo/src/install/threedof/share/threedof/launch
[3.349s] creating /home/robot/repo/src/install/threedof/share/threedof/rviz
[3.349s] creating /home/robot/repo/src/install/threedof/share/threedof/meshes
[3.349s] copying meshes/basiclink.dae -> /home/robot/repo/src/install/threedof/share/threedof/meshes
[3.351s] copying meshes/X8.stl -> /home/robot/repo/src/install/threedof/share/threedof/meshes
[3.369s] copying meshes/basiclink.stl -> /home/robot/repo/src/install/threedof/share/threedof/meshes
[3.370s] copying meshes/X5.stl -> /home/robot/repo/src/install/threedof/share/threedof/meshes
[3.387s] creating /home/robot/repo/src/install/threedof/share/threedof/urdf
[3.387s] copying urdf/viewurdf.rviz -> /home/robot/repo/src/install/threedof/share/threedof/urdf
[3.390s] copying urdf/134threedof.urdf -> /home/robot/repo/src/install/threedof/share/threedof/urdf
[3.391s] copying urdf/threedofexample.urdf -> /home/robot/repo/src/install/threedof/share/threedof/urdf
[3.471s] Invoked command in '/home/robot/repo/src/build/threedof' returned '0': PYTHONPATH=/home/robot/repo/src/build/threedof/prefix_override:/home/robot/repo/src/install/threedof/lib/python3.10/site-packages:${PYTHONPATH} /usr/bin/python3 setup.py develop --editable --build-directory /home/robot/repo/src/build/threedof/build --no-deps install_data
