running develop
running egg_info
creating sixdof.egg-info
writing sixdof.egg-info/PKG-INFO
writing dependency_links to sixdof.egg-info/dependency_links.txt
writing entry points to sixdof.egg-info/entry_points.txt
writing requirements to sixdof.egg-info/requires.txt
writing top-level names to sixdof.egg-info/top_level.txt
writing manifest file 'sixdof.egg-info/SOURCES.txt'
reading manifest file 'sixdof.egg-info/SOURCES.txt'
writing manifest file 'sixdof.egg-info/SOURCES.txt'
running build_ext
Creating /home/robot/repo/src/install/sixdof/lib/python3.10/site-packages/sixdof.egg-link (link to .)
Installing detectors script to /home/robot/repo/src/install/sixdof/lib/sixdof
Installing main script to /home/robot/repo/src/install/sixdof/lib/sixdof

Installed /home/robot/repo/src/build/sixdof
running install_data
creating /home/robot/repo/src/install/sixdof/share/ament_index
creating /home/robot/repo/src/install/sixdof/share/ament_index/resource_index
creating /home/robot/repo/src/install/sixdof/share/ament_index/resource_index/packages
copying resource/sixdof -> /home/robot/repo/src/install/sixdof/share/ament_index/resource_index/packages
copying package.xml -> /home/robot/repo/src/install/sixdof/share/sixdof
creating /home/robot/repo/src/install/sixdof/share/sixdof/launch
copying launch/detectors.launch.py -> /home/robot/repo/src/install/sixdof/share/sixdof/launch
copying launch/main.launch.py -> /home/robot/repo/src/install/sixdof/share/sixdof/launch
copying launch/viewactual.launch.py -> /home/robot/repo/src/install/sixdof/share/sixdof/launch
copying launch/viewcommand.launch.py -> /home/robot/repo/src/install/sixdof/share/sixdof/launch
copying launch/showurdf.launch.py -> /home/robot/repo/src/install/sixdof/share/sixdof/launch
creating /home/robot/repo/src/install/sixdof/share/sixdof/rviz
copying rviz/viewurdf.rviz -> /home/robot/repo/src/install/sixdof/share/sixdof/rviz
creating /home/robot/repo/src/install/sixdof/share/sixdof/meshes
copying meshes/gripper.STL -> /home/robot/repo/src/install/sixdof/share/sixdof/meshes
copying meshes/wristbracket.STL -> /home/robot/repo/src/install/sixdof/share/sixdof/meshes
copying meshes/basiclink.dae -> /home/robot/repo/src/install/sixdof/share/sixdof/meshes
copying meshes/upperarm.STL -> /home/robot/repo/src/install/sixdof/share/sixdof/meshes
copying meshes/X8.stl -> /home/robot/repo/src/install/sixdof/share/sixdof/meshes
copying meshes/basiclink.stl -> /home/robot/repo/src/install/sixdof/share/sixdof/meshes
copying meshes/lowerarm.STL -> /home/robot/repo/src/install/sixdof/share/sixdof/meshes
copying meshes/basebracket.STL -> /home/robot/repo/src/install/sixdof/share/sixdof/meshes
copying meshes/X5.stl -> /home/robot/repo/src/install/sixdof/share/sixdof/meshes
creating /home/robot/repo/src/install/sixdof/share/sixdof/urdf
copying urdf/fivedof.urdf -> /home/robot/repo/src/install/sixdof/share/sixdof/urdf
