[0.391s] Invoking command in '/home/robot/repo/src/build/usb_cam': CMAKE_PREFIX_PATH=${CMAKE_PREFIX_PATH}:/home/robot/robotws/install/detectors:/home/robot/robotws/install/threedof:/home/robot/robotws/install/sixdof:/home/robot/robotws/install/hebiros:/home/robot/robotws/install/demo134:/home/robot/robotws/install/basic134:/opt/ros/humble /usr/bin/cmake /home/robot/repo/src/usb_cam -DAMENT_CMAKE_SYMLINK_INSTALL=1 -DCMAKE_INSTALL_PREFIX=/home/robot/repo/src/install/usb_cam
[1.211s] -- The C compiler identification is GNU 11.4.0
[1.211s] -- The CXX compiler identification is GNU 11.4.0
[1.211s] -- Detecting C compiler ABI info
[1.211s] -- Detecting C compiler ABI info - done
[1.211s] -- Check for working C compiler: /usr/bin/cc - skipped
[1.211s] -- Detecting C compile features
[1.211s] -- Detecting C compile features - done
[1.212s] -- Detecting CXX compiler ABI info
[1.212s] -- Detecting CXX compiler ABI info - done
[1.213s] -- Check for working CXX compiler: /usr/bin/c++ - skipped
[1.213s] -- Detecting CXX compile features
[1.213s] -- Detecting CXX compile features - done
[1.214s] -- Found ament_cmake_auto: 1.3.6 (/opt/ros/humble/share/ament_cmake_auto/cmake)
[1.214s] -- Found Python3: /usr/bin/python3.10 (found version "3.10.12") found components: Interpreter 
[1.214s] -- Override CMake install command with custom implementation using symlinks instead of copying resources
[1.447s] -- Found rosidl_generator_c: 3.1.5 (/opt/ros/humble/share/rosidl_generator_c/cmake)
[1.460s] -- Found rosidl_adapter: 3.1.5 (/opt/ros/humble/share/rosidl_adapter/cmake)
[1.481s] -- Found rosidl_generator_cpp: 3.1.5 (/opt/ros/humble/share/rosidl_generator_cpp/cmake)
[1.520s] -- Using all available rosidl_typesupport_c: rosidl_typesupport_fastrtps_c;rosidl_typesupport_introspection_c
[1.566s] -- Using all available rosidl_typesupport_cpp: rosidl_typesupport_fastrtps_cpp;rosidl_typesupport_introspection_cpp
[1.682s] -- Found rmw_implementation_cmake: 6.1.1 (/opt/ros/humble/share/rmw_implementation_cmake/cmake)
[1.687s] -- Found rmw_fastrtps_cpp: 6.2.5 (/opt/ros/humble/share/rmw_fastrtps_cpp/cmake)
[1.881s] -- Found OpenSSL: /usr/lib/x86_64-linux-gnu/libcrypto.so (found version "3.0.2")  
[1.928s] -- Found FastRTPS: /opt/ros/humble/include  
[2.008s] -- Using RMW implementation 'rmw_fastrtps_cpp' as default
[2.036s] -- Looking for pthread.h
[2.152s] -- Looking for pthread.h - found
[2.153s] -- Performing Test CMAKE_HAVE_LIBC_PTHREAD
[2.263s] -- Performing Test CMAKE_HAVE_LIBC_PTHREAD - Success
[2.265s] -- Found Threads: TRUE  
[3.374s] -- Found OpenCV: /usr (found version "4.5.4") 
[3.380s] -- Found PkgConfig: /usr/bin/pkg-config (found version "0.29.2") 
[3.380s] -- Checking for module 'libavcodec'
[3.400s] --   Found libavcodec, version 58.134.100
[3.439s] -- Checking for module 'libavutil'
[3.449s] --   Found libavutil, version 56.70.100
[3.483s] -- Checking for module 'libswscale'
[3.498s] --   Found libswscale, version 5.9.100
[3.549s] -- Found ament_lint_auto: 0.12.9 (/opt/ros/humble/share/ament_lint_auto/cmake)
[3.587s] -- Found gtest sources under '/opt/ros/humble/src/gtest_vendor': C++ tests using 'Google Test' will be built
[3.603s] -- Added test 'copyright' to check source files copyright and LICENSE
[3.610s] -- Added test 'cppcheck' to perform static code analysis on C / C++ code
[3.610s] -- Configured cppcheck include dirs: /home/robot/repo/src/usb_cam/include
[3.610s] -- Configured cppcheck exclude dirs and/or files: 
[3.614s] -- Added test 'cpplint' to check C / C++ code against the Google style
[3.615s] -- Configured cpplint exclude dirs and/or files: 
[3.616s] -- Added test 'flake8' to check Python code syntax and style conventions
[3.617s] -- Added test 'lint_cmake' to check CMake code style
[3.619s] -- Added test 'pep257' to check Python code against some of the docstring style conventions in PEP 257
[3.625s] -- Added test 'uncrustify' to check C / C++ code style
[3.625s] -- Configured uncrustify additional arguments: 
[3.626s] -- Added test 'xmllint' to check XML markup files
[3.632s] -- Configuring done
[3.663s] -- Generating done
[3.667s] -- Build files have been written to: /home/robot/repo/src/build/usb_cam
[4.249s] Invoked command in '/home/robot/repo/src/build/usb_cam' returned '0': CMAKE_PREFIX_PATH=${CMAKE_PREFIX_PATH}:/home/robot/robotws/install/detectors:/home/robot/robotws/install/threedof:/home/robot/robotws/install/sixdof:/home/robot/robotws/install/hebiros:/home/robot/robotws/install/demo134:/home/robot/robotws/install/basic134:/opt/ros/humble /usr/bin/cmake /home/robot/repo/src/usb_cam -DAMENT_CMAKE_SYMLINK_INSTALL=1 -DCMAKE_INSTALL_PREFIX=/home/robot/repo/src/install/usb_cam
[4.251s] Invoking command in '/home/robot/repo/src/build/usb_cam': CMAKE_PREFIX_PATH=${CMAKE_PREFIX_PATH}:/home/robot/robotws/install/detectors:/home/robot/robotws/install/threedof:/home/robot/robotws/install/sixdof:/home/robot/robotws/install/hebiros:/home/robot/robotws/install/demo134:/home/robot/robotws/install/basic134:/opt/ros/humble /usr/bin/cmake --build /home/robot/repo/src/build/usb_cam -- -j4 -l4
[4.308s] [  7%] [32mBuilding CXX object gtest/CMakeFiles/gtest_main.dir/src/gtest_main.cc.o[0m
[4.311s] [ 14%] [32mBuilding CXX object CMakeFiles/usb_cam.dir/src/usb_cam.cpp.o[0m
[4.320s] [ 21%] [32mBuilding CXX object CMakeFiles/usb_cam_node_exe.dir/rclcpp_components/node_main_usb_cam_node_exe.cpp.o[0m
[4.324s] [ 28%] [32mBuilding CXX object gtest/CMakeFiles/gtest.dir/src/gtest-all.cc.o[0m
[5.760s] [ 35%] [32m[1mLinking CXX static library libgtest_main.a[0m
[5.929s] [ 35%] Built target gtest_main
[7.666s] [ 42%] [32m[1mLinking CXX shared library libusb_cam.so[0m
[7.946s] [ 42%] Built target usb_cam
[7.975s] [ 50%] [32mBuilding CXX object CMakeFiles/usb_cam_node.dir/src/ros2/usb_cam_node.cpp.o[0m
[9.115s] [ 57%] [32m[1mLinking CXX static library libgtest.a[0m
[9.192s] [ 57%] Built target gtest
[9.219s] [ 71%] [32mBuilding CXX object CMakeFiles/test_pixel_formats.dir/test/test_pixel_formats.cpp.o[0m
[9.219s] [ 71%] [32mBuilding CXX object CMakeFiles/test_usb_cam_utils.dir/test/test_usb_cam_utils.cpp.o[0m
[9.674s] [ 78%] [32m[1mLinking CXX executable usb_cam_node_exe[0m
[9.865s] [ 78%] Built target usb_cam_node_exe
[10.246s] [ 85%] [32m[1mLinking CXX executable test_usb_cam_utils[0m
[10.418s] [ 85%] Built target test_usb_cam_utils
[10.721s] [ 92%] [32m[1mLinking CXX executable test_pixel_formats[0m
[10.888s] [ 92%] Built target test_pixel_formats
[15.476s] [100%] [32m[1mLinking CXX shared library libusb_cam_node.so[0m
[15.861s] [100%] Built target usb_cam_node
[15.873s] Invoked command in '/home/robot/repo/src/build/usb_cam' returned '0': CMAKE_PREFIX_PATH=${CMAKE_PREFIX_PATH}:/home/robot/robotws/install/detectors:/home/robot/robotws/install/threedof:/home/robot/robotws/install/sixdof:/home/robot/robotws/install/hebiros:/home/robot/robotws/install/demo134:/home/robot/robotws/install/basic134:/opt/ros/humble /usr/bin/cmake --build /home/robot/repo/src/build/usb_cam -- -j4 -l4
[15.919s] Invoking command in '/home/robot/repo/src/build/usb_cam': CMAKE_PREFIX_PATH=${CMAKE_PREFIX_PATH}:/home/robot/robotws/install/detectors:/home/robot/robotws/install/threedof:/home/robot/robotws/install/sixdof:/home/robot/robotws/install/hebiros:/home/robot/robotws/install/demo134:/home/robot/robotws/install/basic134:/opt/ros/humble /usr/bin/cmake --install /home/robot/repo/src/build/usb_cam
[15.926s] -- Install configuration: ""
[15.926s] -- Execute custom install script
[15.927s] -- Symlinking: /home/robot/repo/src/install/usb_cam/share/usb_cam/environment/library_path.sh
[15.935s] -- Symlinking: /home/robot/repo/src/install/usb_cam/share/usb_cam/environment/library_path.dsv
[15.943s] -- Symlinking: /home/robot/repo/src/install/usb_cam/lib/usb_cam/usb_cam_node_exe
[15.950s] -- Symlinking: /home/robot/repo/src/install/usb_cam/lib/usb_cam/show_image.py
[15.958s] -- Symlinking: /home/robot/repo/src/install/usb_cam/lib/libusb_cam.so
[15.966s] -- Symlinking: /home/robot/repo/src/install/usb_cam/lib/libusb_cam_node.so
[15.976s] -- Symlinking: /home/robot/repo/src/install/usb_cam/include/usb_cam/constants.hpp
[15.984s] -- Symlinking: /home/robot/repo/src/install/usb_cam/include/usb_cam/conversions.hpp
[15.992s] -- Symlinking: /home/robot/repo/src/install/usb_cam/include/usb_cam/formats/av_pixel_format_helper.hpp
[15.999s] -- Symlinking: /home/robot/repo/src/install/usb_cam/include/usb_cam/formats/m420.hpp
[16.007s] -- Symlinking: /home/robot/repo/src/install/usb_cam/include/usb_cam/formats/mjpeg.hpp
[16.015s] -- Symlinking: /home/robot/repo/src/install/usb_cam/include/usb_cam/formats/mono.hpp
[16.023s] -- Symlinking: /home/robot/repo/src/install/usb_cam/include/usb_cam/formats/pixel_format_base.hpp
[16.031s] -- Symlinking: /home/robot/repo/src/install/usb_cam/include/usb_cam/formats/rgb.hpp
[16.038s] -- Symlinking: /home/robot/repo/src/install/usb_cam/include/usb_cam/formats/utils.hpp
[16.046s] -- Symlinking: /home/robot/repo/src/install/usb_cam/include/usb_cam/formats/uyvy.hpp
[16.055s] -- Symlinking: /home/robot/repo/src/install/usb_cam/include/usb_cam/formats/yuyv.hpp
[16.063s] -- Symlinking: /home/robot/repo/src/install/usb_cam/include/usb_cam/usb_cam.hpp
[16.070s] -- Symlinking: /home/robot/repo/src/install/usb_cam/include/usb_cam/usb_cam_node.hpp
[16.079s] -- Symlinking: /home/robot/repo/src/install/usb_cam/include/usb_cam/utils.hpp
[16.087s] -- Up-to-date symlink: /home/robot/repo/src/install/usb_cam/lib/libusb_cam_node.so
[16.088s] -- Symlinking: /home/robot/repo/src/install/usb_cam/share/usb_cam/launch/__init__.py
[16.095s] -- Symlinking: /home/robot/repo/src/install/usb_cam/share/usb_cam/launch/__pycache__/camera_config.cpython-310.pyc
[16.104s] -- Symlinking: /home/robot/repo/src/install/usb_cam/share/usb_cam/launch/camera.launch.py
[16.111s] -- Symlinking: /home/robot/repo/src/install/usb_cam/share/usb_cam/launch/camera_config.py
[16.119s] -- Symlinking: /home/robot/repo/src/install/usb_cam/share/usb_cam/config/camera_info.yaml
[16.127s] -- Symlinking: /home/robot/repo/src/install/usb_cam/share/usb_cam/config/params_1.yaml
[16.135s] -- Symlinking: /home/robot/repo/src/install/usb_cam/share/usb_cam/config/params_2.yaml
[16.144s] -- Symlinking: /home/robot/repo/src/install/usb_cam/share/ament_index/resource_index/package_run_dependencies/usb_cam
[16.152s] -- Symlinking: /home/robot/repo/src/install/usb_cam/share/ament_index/resource_index/parent_prefix_path/usb_cam
[16.159s] -- Symlinking: /home/robot/repo/src/install/usb_cam/share/usb_cam/environment/ament_prefix_path.sh
[16.167s] -- Symlinking: /home/robot/repo/src/install/usb_cam/share/usb_cam/environment/ament_prefix_path.dsv
[16.176s] -- Symlinking: /home/robot/repo/src/install/usb_cam/share/usb_cam/environment/path.sh
[16.184s] -- Symlinking: /home/robot/repo/src/install/usb_cam/share/usb_cam/environment/path.dsv
[16.192s] -- Symlinking: /home/robot/repo/src/install/usb_cam/share/usb_cam/local_setup.bash
[16.200s] -- Symlinking: /home/robot/repo/src/install/usb_cam/share/usb_cam/local_setup.sh
[16.208s] -- Symlinking: /home/robot/repo/src/install/usb_cam/share/usb_cam/local_setup.zsh
[16.215s] -- Symlinking: /home/robot/repo/src/install/usb_cam/share/usb_cam/local_setup.dsv
[16.224s] -- Symlinking: /home/robot/repo/src/install/usb_cam/share/usb_cam/package.dsv
[16.231s] -- Symlinking: /home/robot/repo/src/install/usb_cam/share/ament_index/resource_index/packages/usb_cam
[16.240s] -- Symlinking: /home/robot/repo/src/install/usb_cam/share/ament_index/resource_index/rclcpp_components/usb_cam
[16.248s] -- Symlinking: /home/robot/repo/src/install/usb_cam/share/usb_cam/cmake/ament_cmake_export_libraries-extras.cmake
[16.255s] -- Symlinking: /home/robot/repo/src/install/usb_cam/share/usb_cam/cmake/ament_cmake_export_dependencies-extras.cmake
[16.263s] -- Symlinking: /home/robot/repo/src/install/usb_cam/share/usb_cam/cmake/ament_cmake_export_include_directories-extras.cmake
[16.273s] -- Symlinking: /home/robot/repo/src/install/usb_cam/share/usb_cam/cmake/usb_camConfig.cmake
[16.280s] -- Symlinking: /home/robot/repo/src/install/usb_cam/share/usb_cam/cmake/usb_camConfig-version.cmake
[16.288s] -- Symlinking: /home/robot/repo/src/install/usb_cam/share/usb_cam/package.xml
[16.298s] Invoked command in '/home/robot/repo/src/build/usb_cam' returned '0': CMAKE_PREFIX_PATH=${CMAKE_PREFIX_PATH}:/home/robot/robotws/install/detectors:/home/robot/robotws/install/threedof:/home/robot/robotws/install/sixdof:/home/robot/robotws/install/hebiros:/home/robot/robotws/install/demo134:/home/robot/robotws/install/basic134:/opt/ros/humble /usr/bin/cmake --install /home/robot/repo/src/build/usb_cam
