[0.892s] Invoking command in '/home/robot/repo/src/build/detectors': AMENT_PREFIX_PATH=/home/robot/repo/src/install/usb_cam:${AMENT_PREFIX_PATH} CMAKE_PREFIX_PATH=/home/robot/repo/src/install/usb_cam:${CMAKE_PREFIX_PATH} LD_LIBRARY_PATH=/home/robot/repo/src/install/usb_cam/lib:${LD_LIBRARY_PATH} PYTHONPATH=/home/robot/repo/src/build/detectors/prefix_override:/home/robot/repo/src/install/detectors/lib/python3.10/site-packages:${PYTHONPATH} /usr/bin/python3 setup.py develop --editable --build-directory /home/robot/repo/src/build/detectors/build --no-deps install_data
[1.186s] running develop
[1.186s] /usr/lib/python3/dist-packages/setuptools/command/easy_install.py:158: EasyInstallDeprecationWarning: easy_install command is deprecated. Use build and pip and other standards-based tools.
[1.187s]   warnings.warn(
[1.188s] /usr/lib/python3/dist-packages/setuptools/command/install.py:34: SetuptoolsDeprecationWarning: setup.py install is deprecated. Use build and pip and other standards-based tools.
[1.188s]   warnings.warn(
[1.401s] running egg_info
[1.401s] creating detectors.egg-info
[1.402s] writing detectors.egg-info/PKG-INFO
[1.402s] writing dependency_links to detectors.egg-info/dependency_links.txt
[1.402s] writing entry points to detectors.egg-info/entry_points.txt
[1.402s] writing requirements to detectors.egg-info/requires.txt
[1.402s] writing top-level names to detectors.egg-info/top_level.txt
[1.402s] writing manifest file 'detectors.egg-info/SOURCES.txt'
[1.404s] reading manifest file 'detectors.egg-info/SOURCES.txt'
[1.405s] writing manifest file 'detectors.egg-info/SOURCES.txt'
[1.406s] running build_ext
[1.406s] Creating /home/robot/repo/src/install/detectors/lib/python3.10/site-packages/detectors.egg-link (link to .)
[1.407s] Installing balldetector script to /home/robot/repo/src/install/detectors/lib/detectors
[1.407s] Installing depthincenter script to /home/robot/repo/src/install/detectors/lib/detectors
[1.407s] Installing detectaruco script to /home/robot/repo/src/install/detectors/lib/detectors
[1.407s] Installing facedepth script to /home/robot/repo/src/install/detectors/lib/detectors
[1.407s] Installing facedetector script to /home/robot/repo/src/install/detectors/lib/detectors
[1.407s] Installing hsvtune script to /home/robot/repo/src/install/detectors/lib/detectors
[1.408s] Installing mapping script to /home/robot/repo/src/install/detectors/lib/detectors
[1.408s] Installing writearuco script to /home/robot/repo/src/install/detectors/lib/detectors
[1.408s] 
[1.408s] Installed /home/robot/repo/src/build/detectors
[1.408s] running install_data
[1.408s] creating /home/robot/repo/src/install/detectors/share/ament_index
[1.408s] creating /home/robot/repo/src/install/detectors/share/ament_index/resource_index
[1.408s] creating /home/robot/repo/src/install/detectors/share/ament_index/resource_index/packages
[1.409s] copying resource/detectors -> /home/robot/repo/src/install/detectors/share/ament_index/resource_index/packages
[1.409s] copying package.xml -> /home/robot/repo/src/install/detectors/share/detectors
[1.409s] creating /home/robot/repo/src/install/detectors/share/detectors/rviz
[1.409s] copying rviz/viewpointcloud.rviz -> /home/robot/repo/src/install/detectors/share/detectors/rviz
[1.409s] copying rviz/viewurdfandimage.rviz -> /home/robot/repo/src/install/detectors/share/detectors/rviz
[1.409s] creating /home/robot/repo/src/install/detectors/share/detectors/launch
[1.409s] copying launch/testmapping.launch.py -> /home/robot/repo/src/install/detectors/share/detectors/launch
[1.409s] copying launch/facedepth.launch.py -> /home/robot/repo/src/install/detectors/share/detectors/launch
[1.410s] copying launch/realsense_aligned.launch.py -> /home/robot/repo/src/install/detectors/share/detectors/launch
[1.410s] copying launch/view_usbcam_imageview.launch.py -> /home/robot/repo/src/install/detectors/share/detectors/launch
[1.410s] copying launch/view_usbcam_rviz.launch.py -> /home/robot/repo/src/install/detectors/share/detectors/launch
[1.410s] copying launch/realsense_plain.launch.py -> /home/robot/repo/src/install/detectors/share/detectors/launch
[1.410s] copying launch/detectaruco.launch.py -> /home/robot/repo/src/install/detectors/share/detectors/launch
[1.410s] copying launch/view_usbcam_showimage.launch.py -> /home/robot/repo/src/install/detectors/share/detectors/launch
[1.410s] copying launch/start_usbcam.launch.py -> /home/robot/repo/src/install/detectors/share/detectors/launch
[1.410s] copying launch/balldetector.launch.py -> /home/robot/repo/src/install/detectors/share/detectors/launch
[1.410s] copying launch/facedetector.launch.py -> /home/robot/repo/src/install/detectors/share/detectors/launch
[1.411s] copying launch/hsvtune.launch.py -> /home/robot/repo/src/install/detectors/share/detectors/launch
[1.411s] copying launch/realsense_pointcloud.launch.py -> /home/robot/repo/src/install/detectors/share/detectors/launch
[1.440s] Invoked command in '/home/robot/repo/src/build/detectors' returned '0': AMENT_PREFIX_PATH=/home/robot/repo/src/install/usb_cam:${AMENT_PREFIX_PATH} CMAKE_PREFIX_PATH=/home/robot/repo/src/install/usb_cam:${CMAKE_PREFIX_PATH} LD_LIBRARY_PATH=/home/robot/repo/src/install/usb_cam/lib:${LD_LIBRARY_PATH} PYTHONPATH=/home/robot/repo/src/build/detectors/prefix_override:/home/robot/repo/src/install/detectors/lib/python3.10/site-packages:${PYTHONPATH} /usr/bin/python3 setup.py develop --editable --build-directory /home/robot/repo/src/build/detectors/build --no-deps install_data
